2017-01-10 21:34:28.514  INFO 89774 --- [main] n.c.funtown.rest.FuntownRestApplication  : Starting FuntownRestApplication on macbooks-Air.lan with PID 89774 (/usr/local/var/www/funtown-service/funtown-rest/target/classes started by macbook in /usr/local/var/www/funtown-service/funtown-rest)
2017-01-10 21:34:28.519  INFO 89774 --- [main] n.c.funtown.rest.FuntownRestApplication  : No active profile set, falling back to default profiles: default
2017-01-10 21:34:28.760  INFO 89774 --- [main] ationConfigEmbeddedWebApplicationContext : Refreshing org.springframework.boot.context.embedded.AnnotationConfigEmbeddedWebApplicationContext@3023df74: startup date [Tue Jan 10 21:34:28 NZDT 2017]; root of context hierarchy
2017-01-10 21:34:32.104  INFO 89774 --- [main] trationDelegate$BeanPostProcessorChecker : Bean 'org.springframework.transaction.annotation.ProxyTransactionManagementConfiguration' of type [class org.springframework.transaction.annotation.ProxyTransactionManagementConfiguration$$EnhancerBySpringCGLIB$$b544dee1] is not eligible for getting processed by all BeanPostProcessors (for example: not eligible for auto-proxying)
2017-01-10 21:34:33.428  INFO 89774 --- [main] s.b.c.e.t.TomcatEmbeddedServletContainer : Tomcat initialized with port(s): 8080 (http)
2017-01-10 21:34:33.474  INFO 89774 --- [main] o.apache.catalina.core.StandardService   : Starting service Tomcat
2017-01-10 21:34:33.478  INFO 89774 --- [main] org.apache.catalina.core.StandardEngine  : Starting Servlet Engine: Apache Tomcat/8.5.6
2017-01-10 21:34:33.829  INFO 89774 --- [localhost-startStop-1] o.a.c.c.C.[Tomcat].[localhost].[/]       : Initializing Spring embedded WebApplicationContext
2017-01-10 21:34:33.829  INFO 89774 --- [localhost-startStop-1] o.s.web.context.ContextLoader            : Root WebApplicationContext: initialization completed in 5088 ms
2017-01-10 21:34:34.201  INFO 89774 --- [localhost-startStop-1] o.s.b.w.servlet.FilterRegistrationBean   : Mapping filter: 'characterEncodingFilter' to: [/*]
2017-01-10 21:34:34.202  INFO 89774 --- [localhost-startStop-1] o.s.b.w.servlet.FilterRegistrationBean   : Mapping filter: 'hiddenHttpMethodFilter' to: [/*]
2017-01-10 21:34:34.202  INFO 89774 --- [localhost-startStop-1] o.s.b.w.servlet.FilterRegistrationBean   : Mapping filter: 'httpPutFormContentFilter' to: [/*]
2017-01-10 21:34:34.203  INFO 89774 --- [localhost-startStop-1] o.s.b.w.servlet.FilterRegistrationBean   : Mapping filter: 'requestContextFilter' to: [/*]
2017-01-10 21:34:34.205  INFO 89774 --- [localhost-startStop-1] .s.DelegatingFilterProxyRegistrationBean : Mapping filter: 'springSecurityFilterChain' to: [/*]
2017-01-10 21:34:34.206  INFO 89774 --- [localhost-startStop-1] o.s.b.w.servlet.ServletRegistrationBean  : Mapping servlet: 'dispatcherServlet' to [/]
2017-01-10 21:34:34.208  INFO 89774 --- [localhost-startStop-1] o.s.b.w.servlet.ServletRegistrationBean  : Mapping servlet: 'webServlet' to [/h2-console/*]
2017-01-10 21:34:34.823  INFO 89774 --- [main] j.LocalContainerEntityManagerFactoryBean : Building JPA container EntityManagerFactory for persistence unit 'default'
2017-01-10 21:34:34.888  INFO 89774 --- [main] o.hibernate.jpa.internal.util.LogHelper  : HHH000204: Processing PersistenceUnitInfo [
	name: default
	...]
2017-01-10 21:34:35.351  INFO 89774 --- [main] org.hibernate.Version                    : HHH000412: Hibernate Core {5.0.11.Final}
2017-01-10 21:34:35.359  INFO 89774 --- [main] org.hibernate.cfg.Environment            : HHH000206: hibernate.properties not found
2017-01-10 21:34:35.364  INFO 89774 --- [main] org.hibernate.cfg.Environment            : HHH000021: Bytecode provider name : javassist
2017-01-10 21:34:35.565  INFO 89774 --- [main] o.hibernate.annotations.common.Version   : HCANN000001: Hibernate Commons Annotations {5.0.1.Final}
2017-01-10 21:34:37.945  INFO 89774 --- [main] org.hibernate.dialect.Dialect            : HHH000400: Using dialect: org.hibernate.dialect.MySQL5Dialect
2017-01-10 21:34:39.611  INFO 89774 --- [main] org.hibernate.tool.hbm2ddl.SchemaExport  : HHH000227: Running hbm2ddl schema export
2017-01-10 21:34:39.642 ERROR 89774 --- [main] org.hibernate.tool.hbm2ddl.SchemaExport  : HHH000389: Unsuccessful: alter table catalog drop foreign key FKcougukk0tjetykrd46bpycj38
2017-01-10 21:34:39.643 ERROR 89774 --- [main] org.hibernate.tool.hbm2ddl.SchemaExport  : Table 'funtown.catalog' doesn't exist
2017-01-10 21:34:39.644 ERROR 89774 --- [main] org.hibernate.tool.hbm2ddl.SchemaExport  : HHH000389: Unsuccessful: alter table catalog_attribute drop foreign key FKta4lihduwycgihgsjxlqjg69x
2017-01-10 21:34:39.645 ERROR 89774 --- [main] org.hibernate.tool.hbm2ddl.SchemaExport  : Table 'funtown.catalog_attribute' doesn't exist
2017-01-10 21:34:39.645 ERROR 89774 --- [main] org.hibernate.tool.hbm2ddl.SchemaExport  : HHH000389: Unsuccessful: alter table product drop foreign key FK8oaejqr5kmuivpskpr3fxcg1m
2017-01-10 21:34:39.646 ERROR 89774 --- [main] org.hibernate.tool.hbm2ddl.SchemaExport  : Table 'funtown.product' doesn't exist
2017-01-10 21:34:39.647 ERROR 89774 --- [main] org.hibernate.tool.hbm2ddl.SchemaExport  : HHH000389: Unsuccessful: alter table product drop foreign key FKk0fxa1o9s5g1qnjqe6gl4e0tj
2017-01-10 21:34:39.647 ERROR 89774 --- [main] org.hibernate.tool.hbm2ddl.SchemaExport  : Table 'funtown.product' doesn't exist
2017-01-10 21:34:39.648 ERROR 89774 --- [main] org.hibernate.tool.hbm2ddl.SchemaExport  : HHH000389: Unsuccessful: alter table product_attribute drop foreign key FKlefs59y5kmsbu017n1wp10gf2
2017-01-10 21:34:39.648 ERROR 89774 --- [main] org.hibernate.tool.hbm2ddl.SchemaExport  : Table 'funtown.product_attribute' doesn't exist
2017-01-10 21:34:39.649 ERROR 89774 --- [main] org.hibernate.tool.hbm2ddl.SchemaExport  : HHH000389: Unsuccessful: alter table product_payment_method drop foreign key FKf6jll9xp3dup83xt13r9xr2kn
2017-01-10 21:34:39.649 ERROR 89774 --- [main] org.hibernate.tool.hbm2ddl.SchemaExport  : Table 'funtown.product_payment_method' doesn't exist
2017-01-10 21:34:39.650 ERROR 89774 --- [main] org.hibernate.tool.hbm2ddl.SchemaExport  : HHH000389: Unsuccessful: alter table product_payment_method drop foreign key FKotrhknfogof5bnrdntxp2a5si
2017-01-10 21:34:39.650 ERROR 89774 --- [main] org.hibernate.tool.hbm2ddl.SchemaExport  : Table 'funtown.product_payment_method' doesn't exist
2017-01-10 21:34:39.651 ERROR 89774 --- [main] org.hibernate.tool.hbm2ddl.SchemaExport  : HHH000389: Unsuccessful: alter table product_photos drop foreign key FKeea9pr0sr10slu136otfpqb76
2017-01-10 21:34:39.651 ERROR 89774 --- [main] org.hibernate.tool.hbm2ddl.SchemaExport  : Table 'funtown.product_photos' doesn't exist
2017-01-10 21:34:39.652 ERROR 89774 --- [main] org.hibernate.tool.hbm2ddl.SchemaExport  : HHH000389: Unsuccessful: alter table product_photos drop foreign key FKeurnts80qcflt0iv5lb68px7j
2017-01-10 21:34:39.652 ERROR 89774 --- [main] org.hibernate.tool.hbm2ddl.SchemaExport  : Table 'funtown.product_photos' doesn't exist
2017-01-10 21:34:39.653 ERROR 89774 --- [main] org.hibernate.tool.hbm2ddl.SchemaExport  : HHH000389: Unsuccessful: alter table product_price_detail drop foreign key FK125699iuybu9j954r7mcas175
2017-01-10 21:34:39.654 ERROR 89774 --- [main] org.hibernate.tool.hbm2ddl.SchemaExport  : Table 'funtown.product_price_detail' doesn't exist
2017-01-10 21:34:39.655 ERROR 89774 --- [main] org.hibernate.tool.hbm2ddl.SchemaExport  : HHH000389: Unsuccessful: alter table product_shipping_cost drop foreign key FKfx6elkgmtg8r9keg1uue91o9g
2017-01-10 21:34:39.655 ERROR 89774 --- [main] org.hibernate.tool.hbm2ddl.SchemaExport  : Table 'funtown.product_shipping_cost' doesn't exist
2017-01-10 21:34:39.656 ERROR 89774 --- [main] org.hibernate.tool.hbm2ddl.SchemaExport  : HHH000389: Unsuccessful: alter table product_shipping_cost drop foreign key FKsvcc1qgtmw8htofmgclbl4jbc
2017-01-10 21:34:39.656 ERROR 89774 --- [main] org.hibernate.tool.hbm2ddl.SchemaExport  : Table 'funtown.product_shipping_cost' doesn't exist
2017-01-10 21:34:40.477  INFO 89774 --- [main] org.hibernate.tool.hbm2ddl.SchemaExport  : HHH000230: Schema export complete
2017-01-10 21:34:40.644  INFO 89774 --- [main] j.LocalContainerEntityManagerFactoryBean : Initialized JPA EntityManagerFactory for persistence unit 'default'
2017-01-10 21:34:40.738  INFO 89774 --- [main] o.s.jdbc.datasource.init.ScriptUtils     : Executing SQL script from class path resource [db/data.sql]
2017-01-10 21:34:41.246  INFO 89774 --- [main] o.s.jdbc.datasource.init.ScriptUtils     : Executed SQL script from class path resource [db/data.sql] in 508 ms.
2017-01-10 21:34:41.971  INFO 89774 --- [main] o.h.h.i.QueryTranslatorFactoryInitiator  : HHH000397: Using ASTQueryTranslatorFactory
2017-01-10 21:34:43.008  INFO 89774 --- [main] s.w.s.m.m.a.RequestMappingHandlerAdapter : Looking for @ControllerAdvice: org.springframework.boot.context.embedded.AnnotationConfigEmbeddedWebApplicationContext@3023df74: startup date [Tue Jan 10 21:34:28 NZDT 2017]; root of context hierarchy
2017-01-10 21:34:43.215  INFO 89774 --- [main] s.w.s.m.m.a.RequestMappingHandlerMapping : Mapped "{[/rest/api]}" onto public java.lang.String nz.co.funtown.rest.FuntownRestApplication.welcome()
2017-01-10 21:34:43.219  INFO 89774 --- [main] s.w.s.m.m.a.RequestMappingHandlerMapping : Mapped "{[/rest/api/attributes || /rest/api/attributes/{name}],methods=[GET]}" onto java.util.Collection<nz.co.funtown.jpa.domain.MasterAttribute> nz.co.funtown.rest.controller.MasterAttributeController.getAttributes(java.util.Optional<java.lang.String>)
2017-01-10 21:34:43.221  INFO 89774 --- [main] s.w.s.m.m.a.RequestMappingHandlerMapping : Mapped "{[/rest/api/catalogues/search/{categoryName}]}" onto public java.util.Collection<nz.co.funtown.jpa.domain.projection.CatalogSearchResult> nz.co.funtown.rest.controller.product.CatalogController.searchCatalog(java.lang.String,java.lang.String)
2017-01-10 21:34:43.221  INFO 89774 --- [main] s.w.s.m.m.a.RequestMappingHandlerMapping : Mapped "{[/rest/api/catalogues/{catalogId}]}" onto public nz.co.funtown.jpa.domain.Catalog nz.co.funtown.rest.controller.product.CatalogController.getCatalogDetails(long)
2017-01-10 21:34:43.222  INFO 89774 --- [main] s.w.s.m.m.a.RequestMappingHandlerMapping : Mapped "{[/rest/api/categories || /rest/api/categories/{parentId}],methods=[GET]}" onto java.util.Collection<nz.co.funtown.jpa.entity.CategoryWithChildCount> nz.co.funtown.rest.controller.product.CategoryController.getCategories(java.util.Optional<java.lang.Long>)
2017-01-10 21:34:43.230  INFO 89774 --- [main] s.w.s.m.m.a.RequestMappingHandlerMapping : Mapped "{[/rest/api/products/{productId}],methods=[GET]}" onto public nz.co.funtown.jpa.domain.Product nz.co.funtown.rest.controller.product.ProductController.getProductDetails(java.lang.Long)
2017-01-10 21:34:43.232  INFO 89774 --- [main] s.w.s.m.m.a.RequestMappingHandlerMapping : Mapped "{[/rest/api/selling/products/count],methods=[GET]}" onto public java.util.Collection<nz.co.funtown.jpa.entity.ProductCount> nz.co.funtown.rest.controller.product.selling.ListingController.listProductCount()
2017-01-10 21:34:43.233  INFO 89774 --- [main] s.w.s.m.m.a.RequestMappingHandlerMapping : Mapped "{[/rest/api/selling/products],methods=[GET]}" onto public java.util.Collection<nz.co.funtown.jpa.entity.ProductList> nz.co.funtown.rest.controller.product.selling.ListingController.listProductByStatus(nz.co.funtown.jpa.enums.ProductStatues)
2017-01-10 21:34:43.239  INFO 89774 --- [main] s.w.s.m.m.a.RequestMappingHandlerMapping : Mapped "{[/rest/api/selling/products],methods=[POST],consumes=[multipart/form-data],produces=[application/json]}" onto public java.lang.Long nz.co.funtown.rest.controller.product.selling.SellingController.createProduct(nz.co.funtown.jpa.domain.Product,java.util.Optional<java.util.List<org.springframework.web.multipart.MultipartFile>>)
2017-01-10 21:34:43.239  INFO 89774 --- [main] s.w.s.m.m.a.RequestMappingHandlerMapping : Mapped "{[/rest/api/selling/products/{productId}],methods=[DELETE]}" onto public java.util.Collection<nz.co.funtown.jpa.entity.ProductCount> nz.co.funtown.rest.controller.product.selling.SellingController.deleteProduct(java.lang.Long)
2017-01-10 21:34:43.240  INFO 89774 --- [main] s.w.s.m.m.a.RequestMappingHandlerMapping : Mapped "{[/rest/api/selling/products/update],methods=[PUT],consumes=[application/json]}" onto public java.util.Collection<nz.co.funtown.jpa.entity.ProductCount> nz.co.funtown.rest.controller.product.selling.SellingController.updateProductStatus(java.util.List<nz.co.funtown.jpa.domain.Product>,nz.co.funtown.jpa.enums.ProductStatues)
2017-01-10 21:34:43.243  INFO 89774 --- [main] s.w.s.m.m.a.RequestMappingHandlerMapping : Mapped "{[/rest/api/selling/templates],methods=[GET]}" onto public java.util.Collection<nz.co.funtown.jpa.domain.ShippingTemplate> nz.co.funtown.rest.controller.product.selling.ShippingTemplateController.listTemplates()
2017-01-10 21:34:43.245  INFO 89774 --- [main] s.w.s.m.m.a.RequestMappingHandlerMapping : Mapped "{[/rest/api/selling/templates],methods=[POST]}" onto public nz.co.funtown.jpa.domain.ShippingTemplate nz.co.funtown.rest.controller.product.selling.ShippingTemplateController.addTemplate(nz.co.funtown.jpa.domain.ShippingTemplate)
2017-01-10 21:34:43.245  INFO 89774 --- [main] s.w.s.m.m.a.RequestMappingHandlerMapping : Mapped "{[/rest/api/selling/templates],methods=[PUT]}" onto public nz.co.funtown.jpa.domain.ShippingTemplate nz.co.funtown.rest.controller.product.selling.ShippingTemplateController.editTemplate(nz.co.funtown.jpa.domain.ShippingTemplate)
2017-01-10 21:34:43.245  INFO 89774 --- [main] s.w.s.m.m.a.RequestMappingHandlerMapping : Mapped "{[/rest/api/selling/templates/{templateId}],methods=[DELETE]}" onto public void nz.co.funtown.rest.controller.product.selling.ShippingTemplateController.deleteTemplate(java.lang.Long)
2017-01-10 21:34:43.248  INFO 89774 --- [main] s.w.s.m.m.a.RequestMappingHandlerMapping : Mapped "{[/error]}" onto public org.springframework.http.ResponseEntity<java.util.Map<java.lang.String, java.lang.Object>> org.springframework.boot.autoconfigure.web.BasicErrorController.error(javax.servlet.http.HttpServletRequest)
2017-01-10 21:34:43.248  INFO 89774 --- [main] s.w.s.m.m.a.RequestMappingHandlerMapping : Mapped "{[/error],produces=[text/html]}" onto public org.springframework.web.servlet.ModelAndView org.springframework.boot.autoconfigure.web.BasicErrorController.errorHtml(javax.servlet.http.HttpServletRequest,javax.servlet.http.HttpServletResponse)
2017-01-10 21:34:43.285  INFO 89774 --- [main] o.s.w.s.handler.SimpleUrlHandlerMapping  : Mapped URL path [/webjars/**] onto handler of type [class org.springframework.web.servlet.resource.ResourceHttpRequestHandler]
2017-01-10 21:34:43.285  INFO 89774 --- [main] o.s.w.s.handler.SimpleUrlHandlerMapping  : Mapped URL path [/**] onto handler of type [class org.springframework.web.servlet.resource.ResourceHttpRequestHandler]
2017-01-10 21:34:43.352  INFO 89774 --- [main] o.s.w.s.handler.SimpleUrlHandlerMapping  : Mapped URL path [/**/favicon.ico] onto handler of type [class org.springframework.web.servlet.resource.ResourceHttpRequestHandler]
2017-01-10 21:34:44.338  INFO 89774 --- [main] o.s.s.web.DefaultSecurityFilterChain     : Creating filter chain: Ant [pattern='/css/**'], []
2017-01-10 21:34:44.339  INFO 89774 --- [main] o.s.s.web.DefaultSecurityFilterChain     : Creating filter chain: Ant [pattern='/js/**'], []
2017-01-10 21:34:44.339  INFO 89774 --- [main] o.s.s.web.DefaultSecurityFilterChain     : Creating filter chain: Ant [pattern='/images/**'], []
2017-01-10 21:34:44.339  INFO 89774 --- [main] o.s.s.web.DefaultSecurityFilterChain     : Creating filter chain: Ant [pattern='/webjars/**'], []
2017-01-10 21:34:44.339  INFO 89774 --- [main] o.s.s.web.DefaultSecurityFilterChain     : Creating filter chain: Ant [pattern='/**/favicon.ico'], []
2017-01-10 21:34:44.339  INFO 89774 --- [main] o.s.s.web.DefaultSecurityFilterChain     : Creating filter chain: Ant [pattern='/error'], []
2017-01-10 21:34:44.485  INFO 89774 --- [main] o.s.s.web.DefaultSecurityFilterChain     : Creating filter chain: Ant [pattern='/h2-console/**'], [org.springframework.security.web.context.request.async.WebAsyncManagerIntegrationFilter@5310e451, org.springframework.security.web.context.SecurityContextPersistenceFilter@5b5b53c6, org.springframework.security.web.header.HeaderWriterFilter@50f3ba6a, org.springframework.security.web.authentication.logout.LogoutFilter@2efcc0b3, org.springframework.security.web.authentication.www.BasicAuthenticationFilter@69c33ea2, org.springframework.security.web.savedrequest.RequestCacheAwareFilter@3350ab4, org.springframework.security.web.servletapi.SecurityContextHolderAwareRequestFilter@5315266, org.springframework.security.web.authentication.AnonymousAuthenticationFilter@52d63b7e, org.springframework.security.web.session.SessionManagementFilter@160c7c42, org.springframework.security.web.access.ExceptionTranslationFilter@1a0ffb9b, org.springframework.security.web.access.intercept.FilterSecurityInterceptor@16fc5622]
2017-01-10 21:34:44.494  INFO 89774 --- [main] o.s.s.web.DefaultSecurityFilterChain     : Creating filter chain: OrRequestMatcher [requestMatchers=[Ant [pattern='/**']]], [org.springframework.security.web.context.request.async.WebAsyncManagerIntegrationFilter@38e46765, org.springframework.security.web.context.SecurityContextPersistenceFilter@738a39cc, org.springframework.security.web.header.HeaderWriterFilter@78e043e4, org.springframework.security.web.authentication.logout.LogoutFilter@62158991, org.springframework.security.web.authentication.www.BasicAuthenticationFilter@40738846, org.springframework.security.web.savedrequest.RequestCacheAwareFilter@42e202d7, org.springframework.security.web.servletapi.SecurityContextHolderAwareRequestFilter@38e7860c, org.springframework.security.web.authentication.AnonymousAuthenticationFilter@192f5f39, org.springframework.security.web.session.SessionManagementFilter@336d28a1, org.springframework.security.web.access.ExceptionTranslationFilter@5f3ddc86, org.springframework.security.web.access.intercept.FilterSecurityInterceptor@4fc3529]
2017-01-10 21:34:44.792  INFO 89774 --- [main] o.s.j.e.a.AnnotationMBeanExporter        : Registering beans for JMX exposure on startup
2017-01-10 21:34:45.011  INFO 89774 --- [main] s.b.c.e.t.TomcatEmbeddedServletContainer : Tomcat started on port(s): 8080 (http)
2017-01-10 21:34:45.019  INFO 89774 --- [main] n.c.funtown.rest.FuntownRestApplication  : Started FuntownRestApplication in 18.296 seconds (JVM running for 21.449)
2017-01-10 21:34:50.154  INFO 89774 --- [http-nio-127.0.0.1-8080-exec-1] o.a.c.c.C.[Tomcat].[localhost].[/]       : Initializing Spring FrameworkServlet 'dispatcherServlet'
2017-01-10 21:34:50.156  INFO 89774 --- [http-nio-127.0.0.1-8080-exec-1] o.s.web.servlet.DispatcherServlet        : FrameworkServlet 'dispatcherServlet': initialization started
2017-01-10 21:34:50.196  INFO 89774 --- [http-nio-127.0.0.1-8080-exec-1] o.s.web.servlet.DispatcherServlet        : FrameworkServlet 'dispatcherServlet': initialization completed in 40 ms
2017-01-10 21:41:11.737  INFO 89774 --- [RMI TCP Connection(2)-192.168.1.85] inMXBeanRegistrar$SpringApplicationAdmin : Application shutdown requested.
2017-01-10 21:41:11.743  INFO 89774 --- [RMI TCP Connection(2)-192.168.1.85] ationConfigEmbeddedWebApplicationContext : Closing org.springframework.boot.context.embedded.AnnotationConfigEmbeddedWebApplicationContext@3023df74: startup date [Tue Jan 10 21:34:28 NZDT 2017]; root of context hierarchy
2017-01-10 21:41:11.767  INFO 89774 --- [RMI TCP Connection(2)-192.168.1.85] o.s.j.e.a.AnnotationMBeanExporter        : Unregistering JMX-exposed beans on shutdown
2017-01-10 21:41:11.771  INFO 89774 --- [RMI TCP Connection(2)-192.168.1.85] j.LocalContainerEntityManagerFactoryBean : Closing JPA EntityManagerFactory for persistence unit 'default'
2017-01-10 21:41:11.776  INFO 89774 --- [RMI TCP Connection(2)-192.168.1.85] org.hibernate.tool.hbm2ddl.SchemaExport  : HHH000227: Running hbm2ddl schema export
2017-01-10 21:41:12.195  INFO 89774 --- [RMI TCP Connection(2)-192.168.1.85] org.hibernate.tool.hbm2ddl.SchemaExport  : HHH000230: Schema export complete
