2017-01-10 15:20:04.446  INFO 87799 --- [main] n.c.funtown.rest.FuntownRestApplication  : Starting FuntownRestApplication on macbooks-MacBook-Air.local with PID 87799 (/usr/local/var/www/funtown-service/funtown-rest/target/classes started by macbook in /usr/local/var/www/funtown-service/funtown-rest)
2017-01-10 15:20:04.454  INFO 87799 --- [main] n.c.funtown.rest.FuntownRestApplication  : No active profile set, falling back to default profiles: default
2017-01-10 15:20:04.676  INFO 87799 --- [main] ationConfigEmbeddedWebApplicationContext : Refreshing org.springframework.boot.context.embedded.AnnotationConfigEmbeddedWebApplicationContext@3023df74: startup date [Tue Jan 10 15:20:04 NZDT 2017]; root of context hierarchy
2017-01-10 15:20:07.812  INFO 87799 --- [main] trationDelegate$BeanPostProcessorChecker : Bean 'org.springframework.transaction.annotation.ProxyTransactionManagementConfiguration' of type [class org.springframework.transaction.annotation.ProxyTransactionManagementConfiguration$$EnhancerBySpringCGLIB$$c2806b5b] is not eligible for getting processed by all BeanPostProcessors (for example: not eligible for auto-proxying)
2017-01-10 15:20:08.954  INFO 87799 --- [main] s.b.c.e.t.TomcatEmbeddedServletContainer : Tomcat initialized with port(s): 8080 (http)
2017-01-10 15:20:08.993  INFO 87799 --- [main] o.apache.catalina.core.StandardService   : Starting service Tomcat
2017-01-10 15:20:08.997  INFO 87799 --- [main] org.apache.catalina.core.StandardEngine  : Starting Servlet Engine: Apache Tomcat/8.5.6
2017-01-10 15:20:09.288  INFO 87799 --- [localhost-startStop-1] o.a.c.c.C.[Tomcat].[localhost].[/]       : Initializing Spring embedded WebApplicationContext
2017-01-10 15:20:09.289  INFO 87799 --- [localhost-startStop-1] o.s.web.context.ContextLoader            : Root WebApplicationContext: initialization completed in 4622 ms
2017-01-10 15:20:09.635  INFO 87799 --- [localhost-startStop-1] o.s.b.w.servlet.FilterRegistrationBean   : Mapping filter: 'characterEncodingFilter' to: [/*]
2017-01-10 15:20:09.636  INFO 87799 --- [localhost-startStop-1] o.s.b.w.servlet.FilterRegistrationBean   : Mapping filter: 'hiddenHttpMethodFilter' to: [/*]
2017-01-10 15:20:09.636  INFO 87799 --- [localhost-startStop-1] o.s.b.w.servlet.FilterRegistrationBean   : Mapping filter: 'httpPutFormContentFilter' to: [/*]
2017-01-10 15:20:09.637  INFO 87799 --- [localhost-startStop-1] o.s.b.w.servlet.FilterRegistrationBean   : Mapping filter: 'requestContextFilter' to: [/*]
2017-01-10 15:20:09.639  INFO 87799 --- [localhost-startStop-1] .s.DelegatingFilterProxyRegistrationBean : Mapping filter: 'springSecurityFilterChain' to: [/*]
2017-01-10 15:20:09.640  INFO 87799 --- [localhost-startStop-1] o.s.b.w.servlet.ServletRegistrationBean  : Mapping servlet: 'dispatcherServlet' to [/]
2017-01-10 15:20:09.642  INFO 87799 --- [localhost-startStop-1] o.s.b.w.servlet.ServletRegistrationBean  : Mapping servlet: 'webServlet' to [/h2-console/*]
2017-01-10 15:20:10.186  INFO 87799 --- [main] j.LocalContainerEntityManagerFactoryBean : Building JPA container EntityManagerFactory for persistence unit 'default'
2017-01-10 15:20:10.241  INFO 87799 --- [main] o.hibernate.jpa.internal.util.LogHelper  : HHH000204: Processing PersistenceUnitInfo [
	name: default
	...]
2017-01-10 15:20:10.647  INFO 87799 --- [main] org.hibernate.Version                    : HHH000412: Hibernate Core {5.0.11.Final}
2017-01-10 15:20:10.649  INFO 87799 --- [main] org.hibernate.cfg.Environment            : HHH000206: hibernate.properties not found
2017-01-10 15:20:10.654  INFO 87799 --- [main] org.hibernate.cfg.Environment            : HHH000021: Bytecode provider name : javassist
2017-01-10 15:20:10.827  INFO 87799 --- [main] o.hibernate.annotations.common.Version   : HCANN000001: Hibernate Commons Annotations {5.0.1.Final}
2017-01-10 15:20:13.115  INFO 87799 --- [main] org.hibernate.dialect.Dialect            : HHH000400: Using dialect: org.hibernate.dialect.MySQL5Dialect
2017-01-10 15:20:14.769  INFO 87799 --- [main] org.hibernate.tool.hbm2ddl.SchemaExport  : HHH000227: Running hbm2ddl schema export
2017-01-10 15:20:16.097  INFO 87799 --- [main] org.hibernate.tool.hbm2ddl.SchemaExport  : HHH000230: Schema export complete
2017-01-10 15:20:16.277  INFO 87799 --- [main] j.LocalContainerEntityManagerFactoryBean : Initialized JPA EntityManagerFactory for persistence unit 'default'
2017-01-10 15:20:16.375  INFO 87799 --- [main] o.s.jdbc.datasource.init.ScriptUtils     : Executing SQL script from class path resource [db/data.sql]
2017-01-10 15:20:16.891  INFO 87799 --- [main] o.s.jdbc.datasource.init.ScriptUtils     : Executed SQL script from class path resource [db/data.sql] in 515 ms.
2017-01-10 15:20:17.687  INFO 87799 --- [main] o.h.h.i.QueryTranslatorFactoryInitiator  : HHH000397: Using ASTQueryTranslatorFactory
2017-01-10 15:20:18.774  INFO 87799 --- [main] s.w.s.m.m.a.RequestMappingHandlerAdapter : Looking for @ControllerAdvice: org.springframework.boot.context.embedded.AnnotationConfigEmbeddedWebApplicationContext@3023df74: startup date [Tue Jan 10 15:20:04 NZDT 2017]; root of context hierarchy
2017-01-10 15:20:18.975  INFO 87799 --- [main] s.w.s.m.m.a.RequestMappingHandlerMapping : Mapped "{[/rest/api]}" onto public java.lang.String nz.co.funtown.rest.FuntownRestApplication.welcome()
2017-01-10 15:20:18.979  INFO 87799 --- [main] s.w.s.m.m.a.RequestMappingHandlerMapping : Mapped "{[/rest/api/attributes || /rest/api/attributes/{name}],methods=[GET]}" onto java.util.Collection<nz.co.funtown.jpa.domain.MasterAttribute> nz.co.funtown.rest.controller.MasterAttributeController.getAttributes(java.util.Optional<java.lang.String>)
2017-01-10 15:20:18.981  INFO 87799 --- [main] s.w.s.m.m.a.RequestMappingHandlerMapping : Mapped "{[/rest/api/catalogues/search/{categoryName}]}" onto public java.util.Collection<nz.co.funtown.jpa.domain.projection.CatalogSearchResult> nz.co.funtown.rest.controller.product.CatalogController.searchCatalog(java.lang.String,java.lang.String)
2017-01-10 15:20:18.981  INFO 87799 --- [main] s.w.s.m.m.a.RequestMappingHandlerMapping : Mapped "{[/rest/api/catalogues/{catalogId}]}" onto public nz.co.funtown.jpa.domain.Catalog nz.co.funtown.rest.controller.product.CatalogController.getCatalogDetails(long)
2017-01-10 15:20:18.982  INFO 87799 --- [main] s.w.s.m.m.a.RequestMappingHandlerMapping : Mapped "{[/rest/api/categories || /rest/api/categories/{parentId}],methods=[GET]}" onto java.util.Collection<nz.co.funtown.jpa.entity.CategoryWithChildCount> nz.co.funtown.rest.controller.product.CategoryController.getCategories(java.util.Optional<java.lang.Long>)
2017-01-10 15:20:18.985  INFO 87799 --- [main] s.w.s.m.m.a.RequestMappingHandlerMapping : Mapped "{[/rest/api/products/{productId}],methods=[GET]}" onto public nz.co.funtown.jpa.domain.Product nz.co.funtown.rest.controller.product.ProductController.getProductDetails(java.lang.Long)
2017-01-10 15:20:18.988  INFO 87799 --- [main] s.w.s.m.m.a.RequestMappingHandlerMapping : Mapped "{[/rest/api/selling/products],methods=[GET]}" onto public java.util.Collection<nz.co.funtown.jpa.entity.ProductList> nz.co.funtown.rest.controller.product.selling.ListingController.listProductByStatus(nz.co.funtown.jpa.enums.ProductStatues)
2017-01-10 15:20:18.989  INFO 87799 --- [main] s.w.s.m.m.a.RequestMappingHandlerMapping : Mapped "{[/rest/api/selling/products/count],methods=[GET]}" onto public java.util.Collection<nz.co.funtown.jpa.entity.ProductCount> nz.co.funtown.rest.controller.product.selling.ListingController.listProductCount()
2017-01-10 15:20:18.998  INFO 87799 --- [main] s.w.s.m.m.a.RequestMappingHandlerMapping : Mapped "{[/rest/api/selling/products],methods=[POST],consumes=[multipart/form-data],produces=[application/json]}" onto public java.lang.Long nz.co.funtown.rest.controller.product.selling.SellingController.createProduct(nz.co.funtown.jpa.domain.Product,java.util.Optional<java.util.List<org.springframework.web.multipart.MultipartFile>>)
2017-01-10 15:20:18.999  INFO 87799 --- [main] s.w.s.m.m.a.RequestMappingHandlerMapping : Mapped "{[/rest/api/selling/products/{productId}],methods=[DELETE]}" onto public java.util.Collection<nz.co.funtown.jpa.entity.ProductCount> nz.co.funtown.rest.controller.product.selling.SellingController.deleteProduct(java.lang.Long)
2017-01-10 15:20:18.999  INFO 87799 --- [main] s.w.s.m.m.a.RequestMappingHandlerMapping : Mapped "{[/rest/api/selling/products/update],methods=[PUT],consumes=[application/json]}" onto public java.util.Collection<nz.co.funtown.jpa.entity.ProductCount> nz.co.funtown.rest.controller.product.selling.SellingController.updateProductStatus(java.util.List<nz.co.funtown.jpa.domain.Product>,nz.co.funtown.jpa.enums.ProductStatues)
2017-01-10 15:20:19.002  INFO 87799 --- [main] s.w.s.m.m.a.RequestMappingHandlerMapping : Mapped "{[/rest/api/selling/templates],methods=[GET]}" onto public java.util.Collection<nz.co.funtown.jpa.domain.ShippingTemplate> nz.co.funtown.rest.controller.product.selling.ShippingTemplateController.listTemplates()
2017-01-10 15:20:19.004  INFO 87799 --- [main] s.w.s.m.m.a.RequestMappingHandlerMapping : Mapped "{[/rest/api/selling/templates],methods=[POST]}" onto public nz.co.funtown.jpa.domain.ShippingTemplate nz.co.funtown.rest.controller.product.selling.ShippingTemplateController.addTemplate(nz.co.funtown.jpa.domain.ShippingTemplate)
2017-01-10 15:20:19.005  INFO 87799 --- [main] s.w.s.m.m.a.RequestMappingHandlerMapping : Mapped "{[/rest/api/selling/templates],methods=[PUT]}" onto public nz.co.funtown.jpa.domain.ShippingTemplate nz.co.funtown.rest.controller.product.selling.ShippingTemplateController.editTemplate(nz.co.funtown.jpa.domain.ShippingTemplate)
2017-01-10 15:20:19.006  INFO 87799 --- [main] s.w.s.m.m.a.RequestMappingHandlerMapping : Mapped "{[/rest/api/selling/templates/{templateId}],methods=[DELETE]}" onto public void nz.co.funtown.rest.controller.product.selling.ShippingTemplateController.deleteTemplate(java.lang.Long)
2017-01-10 15:20:19.009  INFO 87799 --- [main] s.w.s.m.m.a.RequestMappingHandlerMapping : Mapped "{[/error]}" onto public org.springframework.http.ResponseEntity<java.util.Map<java.lang.String, java.lang.Object>> org.springframework.boot.autoconfigure.web.BasicErrorController.error(javax.servlet.http.HttpServletRequest)
2017-01-10 15:20:19.009  INFO 87799 --- [main] s.w.s.m.m.a.RequestMappingHandlerMapping : Mapped "{[/error],produces=[text/html]}" onto public org.springframework.web.servlet.ModelAndView org.springframework.boot.autoconfigure.web.BasicErrorController.errorHtml(javax.servlet.http.HttpServletRequest,javax.servlet.http.HttpServletResponse)
2017-01-10 15:20:19.052  INFO 87799 --- [main] o.s.w.s.handler.SimpleUrlHandlerMapping  : Mapped URL path [/webjars/**] onto handler of type [class org.springframework.web.servlet.resource.ResourceHttpRequestHandler]
2017-01-10 15:20:19.052  INFO 87799 --- [main] o.s.w.s.handler.SimpleUrlHandlerMapping  : Mapped URL path [/**] onto handler of type [class org.springframework.web.servlet.resource.ResourceHttpRequestHandler]
2017-01-10 15:20:19.127  INFO 87799 --- [main] o.s.w.s.handler.SimpleUrlHandlerMapping  : Mapped URL path [/**/favicon.ico] onto handler of type [class org.springframework.web.servlet.resource.ResourceHttpRequestHandler]
2017-01-10 15:20:19.963  INFO 87799 --- [main] o.s.s.web.DefaultSecurityFilterChain     : Creating filter chain: Ant [pattern='/css/**'], []
2017-01-10 15:20:19.963  INFO 87799 --- [main] o.s.s.web.DefaultSecurityFilterChain     : Creating filter chain: Ant [pattern='/js/**'], []
2017-01-10 15:20:19.963  INFO 87799 --- [main] o.s.s.web.DefaultSecurityFilterChain     : Creating filter chain: Ant [pattern='/images/**'], []
2017-01-10 15:20:19.963  INFO 87799 --- [main] o.s.s.web.DefaultSecurityFilterChain     : Creating filter chain: Ant [pattern='/webjars/**'], []
2017-01-10 15:20:19.964  INFO 87799 --- [main] o.s.s.web.DefaultSecurityFilterChain     : Creating filter chain: Ant [pattern='/**/favicon.ico'], []
2017-01-10 15:20:19.964  INFO 87799 --- [main] o.s.s.web.DefaultSecurityFilterChain     : Creating filter chain: Ant [pattern='/error'], []
2017-01-10 15:20:20.135  INFO 87799 --- [main] o.s.s.web.DefaultSecurityFilterChain     : Creating filter chain: Ant [pattern='/h2-console/**'], [org.springframework.security.web.context.request.async.WebAsyncManagerIntegrationFilter@2faf6e4a, org.springframework.security.web.context.SecurityContextPersistenceFilter@2e7a9db7, org.springframework.security.web.header.HeaderWriterFilter@2be50bba, org.springframework.security.web.authentication.logout.LogoutFilter@78b9155e, org.springframework.security.web.authentication.www.BasicAuthenticationFilter@75805562, org.springframework.security.web.savedrequest.RequestCacheAwareFilter@11cc9e1e, org.springframework.security.web.servletapi.SecurityContextHolderAwareRequestFilter@21ea1d9d, org.springframework.security.web.authentication.AnonymousAuthenticationFilter@43ab0659, org.springframework.security.web.session.SessionManagementFilter@3350ab4, org.springframework.security.web.access.ExceptionTranslationFilter@319aa9ee, org.springframework.security.web.access.intercept.FilterSecurityInterceptor@3e01796a]
2017-01-10 15:20:20.152  INFO 87799 --- [main] o.s.s.web.DefaultSecurityFilterChain     : Creating filter chain: OrRequestMatcher [requestMatchers=[Ant [pattern='/**']]], [org.springframework.security.web.context.request.async.WebAsyncManagerIntegrationFilter@51141f64, org.springframework.security.web.context.SecurityContextPersistenceFilter@1255de25, org.springframework.security.web.header.HeaderWriterFilter@62158991, org.springframework.security.web.authentication.logout.LogoutFilter@4fc3529, org.springframework.security.web.authentication.www.BasicAuthenticationFilter@38e46765, org.springframework.security.web.savedrequest.RequestCacheAwareFilter@1686ed85, org.springframework.security.web.servletapi.SecurityContextHolderAwareRequestFilter@5891b7c5, org.springframework.security.web.authentication.AnonymousAuthenticationFilter@32c0fecc, org.springframework.security.web.session.SessionManagementFilter@40738846, org.springframework.security.web.access.ExceptionTranslationFilter@38e7860c, org.springframework.security.web.access.intercept.FilterSecurityInterceptor@3221588e]
2017-01-10 15:20:20.447  INFO 87799 --- [main] o.s.j.e.a.AnnotationMBeanExporter        : Registering beans for JMX exposure on startup
2017-01-10 15:20:20.559 ERROR 87799 --- [main] o.a.coyote.http11.Http11NioProtocol      : Failed to start end point associated with ProtocolHandler [http-nio-127.0.0.1-8080]

java.net.BindException: Address already in use
	at sun.nio.ch.Net.bind0(Native Method) ~[na:1.8.0_112]
	at sun.nio.ch.Net.bind(Net.java:433) ~[na:1.8.0_112]
	at sun.nio.ch.Net.bind(Net.java:425) ~[na:1.8.0_112]
	at sun.nio.ch.ServerSocketChannelImpl.bind(ServerSocketChannelImpl.java:223) ~[na:1.8.0_112]
	at sun.nio.ch.ServerSocketAdaptor.bind(ServerSocketAdaptor.java:74) ~[na:1.8.0_112]
	at org.apache.tomcat.util.net.NioEndpoint.bind(NioEndpoint.java:228) ~[tomcat-embed-core-8.5.6.jar:8.5.6]
	at org.apache.tomcat.util.net.AbstractEndpoint.start(AbstractEndpoint.java:874) ~[tomcat-embed-core-8.5.6.jar:8.5.6]
	at org.apache.coyote.AbstractProtocol.start(AbstractProtocol.java:590) ~[tomcat-embed-core-8.5.6.jar:8.5.6]
	at org.apache.catalina.connector.Connector.startInternal(Connector.java:969) [tomcat-embed-core-8.5.6.jar:8.5.6]
	at org.apache.catalina.util.LifecycleBase.start(LifecycleBase.java:150) [tomcat-embed-core-8.5.6.jar:8.5.6]
	at org.apache.catalina.core.StandardService.addConnector(StandardService.java:225) [tomcat-embed-core-8.5.6.jar:8.5.6]
	at org.springframework.boot.context.embedded.tomcat.TomcatEmbeddedServletContainer.addPreviouslyRemovedConnectors(TomcatEmbeddedServletContainer.java:233) [spring-boot-1.4.2.RELEASE.jar:1.4.2.RELEASE]
	at org.springframework.boot.context.embedded.tomcat.TomcatEmbeddedServletContainer.start(TomcatEmbeddedServletContainer.java:178) [spring-boot-1.4.2.RELEASE.jar:1.4.2.RELEASE]
	at org.springframework.boot.context.embedded.EmbeddedWebApplicationContext.startEmbeddedServletContainer(EmbeddedWebApplicationContext.java:297) [spring-boot-1.4.2.RELEASE.jar:1.4.2.RELEASE]
	at org.springframework.boot.context.embedded.EmbeddedWebApplicationContext.finishRefresh(EmbeddedWebApplicationContext.java:145) [spring-boot-1.4.2.RELEASE.jar:1.4.2.RELEASE]
	at org.springframework.context.support.AbstractApplicationContext.refresh(AbstractApplicationContext.java:545) [spring-context-4.3.4.RELEASE.jar:4.3.4.RELEASE]
	at org.springframework.boot.context.embedded.EmbeddedWebApplicationContext.refresh(EmbeddedWebApplicationContext.java:122) [spring-boot-1.4.2.RELEASE.jar:1.4.2.RELEASE]
	at org.springframework.boot.SpringApplication.refresh(SpringApplication.java:761) [spring-boot-1.4.2.RELEASE.jar:1.4.2.RELEASE]
	at org.springframework.boot.SpringApplication.refreshContext(SpringApplication.java:371) [spring-boot-1.4.2.RELEASE.jar:1.4.2.RELEASE]
	at org.springframework.boot.SpringApplication.run(SpringApplication.java:315) [spring-boot-1.4.2.RELEASE.jar:1.4.2.RELEASE]
	at org.springframework.boot.SpringApplication.run(SpringApplication.java:1186) [spring-boot-1.4.2.RELEASE.jar:1.4.2.RELEASE]
	at org.springframework.boot.SpringApplication.run(SpringApplication.java:1175) [spring-boot-1.4.2.RELEASE.jar:1.4.2.RELEASE]
	at nz.co.funtown.rest.FuntownRestApplication.main(FuntownRestApplication.java:25) [classes/:na]

2017-01-10 15:20:20.561 ERROR 87799 --- [main] o.apache.catalina.core.StandardService   : Failed to start connector [Connector[HTTP/1.1-8080]]

org.apache.catalina.LifecycleException: Failed to start component [Connector[HTTP/1.1-8080]]
	at org.apache.catalina.util.LifecycleBase.start(LifecycleBase.java:167) ~[tomcat-embed-core-8.5.6.jar:8.5.6]
	at org.apache.catalina.core.StandardService.addConnector(StandardService.java:225) ~[tomcat-embed-core-8.5.6.jar:8.5.6]
	at org.springframework.boot.context.embedded.tomcat.TomcatEmbeddedServletContainer.addPreviouslyRemovedConnectors(TomcatEmbeddedServletContainer.java:233) [spring-boot-1.4.2.RELEASE.jar:1.4.2.RELEASE]
	at org.springframework.boot.context.embedded.tomcat.TomcatEmbeddedServletContainer.start(TomcatEmbeddedServletContainer.java:178) [spring-boot-1.4.2.RELEASE.jar:1.4.2.RELEASE]
	at org.springframework.boot.context.embedded.EmbeddedWebApplicationContext.startEmbeddedServletContainer(EmbeddedWebApplicationContext.java:297) [spring-boot-1.4.2.RELEASE.jar:1.4.2.RELEASE]
	at org.springframework.boot.context.embedded.EmbeddedWebApplicationContext.finishRefresh(EmbeddedWebApplicationContext.java:145) [spring-boot-1.4.2.RELEASE.jar:1.4.2.RELEASE]
	at org.springframework.context.support.AbstractApplicationContext.refresh(AbstractApplicationContext.java:545) [spring-context-4.3.4.RELEASE.jar:4.3.4.RELEASE]
	at org.springframework.boot.context.embedded.EmbeddedWebApplicationContext.refresh(EmbeddedWebApplicationContext.java:122) [spring-boot-1.4.2.RELEASE.jar:1.4.2.RELEASE]
	at org.springframework.boot.SpringApplication.refresh(SpringApplication.java:761) [spring-boot-1.4.2.RELEASE.jar:1.4.2.RELEASE]
	at org.springframework.boot.SpringApplication.refreshContext(SpringApplication.java:371) [spring-boot-1.4.2.RELEASE.jar:1.4.2.RELEASE]
	at org.springframework.boot.SpringApplication.run(SpringApplication.java:315) [spring-boot-1.4.2.RELEASE.jar:1.4.2.RELEASE]
	at org.springframework.boot.SpringApplication.run(SpringApplication.java:1186) [spring-boot-1.4.2.RELEASE.jar:1.4.2.RELEASE]
	at org.springframework.boot.SpringApplication.run(SpringApplication.java:1175) [spring-boot-1.4.2.RELEASE.jar:1.4.2.RELEASE]
	at nz.co.funtown.rest.FuntownRestApplication.main(FuntownRestApplication.java:25) [classes/:na]
Caused by: org.apache.catalina.LifecycleException: service.getName(): "Tomcat";  Protocol handler start failed
	at org.apache.catalina.connector.Connector.startInternal(Connector.java:976) ~[tomcat-embed-core-8.5.6.jar:8.5.6]
	at org.apache.catalina.util.LifecycleBase.start(LifecycleBase.java:150) ~[tomcat-embed-core-8.5.6.jar:8.5.6]
	... 13 common frames omitted
Caused by: java.net.BindException: Address already in use
	at sun.nio.ch.Net.bind0(Native Method) ~[na:1.8.0_112]
	at sun.nio.ch.Net.bind(Net.java:433) ~[na:1.8.0_112]
	at sun.nio.ch.Net.bind(Net.java:425) ~[na:1.8.0_112]
	at sun.nio.ch.ServerSocketChannelImpl.bind(ServerSocketChannelImpl.java:223) ~[na:1.8.0_112]
	at sun.nio.ch.ServerSocketAdaptor.bind(ServerSocketAdaptor.java:74) ~[na:1.8.0_112]
	at org.apache.tomcat.util.net.NioEndpoint.bind(NioEndpoint.java:228) ~[tomcat-embed-core-8.5.6.jar:8.5.6]
	at org.apache.tomcat.util.net.AbstractEndpoint.start(AbstractEndpoint.java:874) ~[tomcat-embed-core-8.5.6.jar:8.5.6]
	at org.apache.coyote.AbstractProtocol.start(AbstractProtocol.java:590) ~[tomcat-embed-core-8.5.6.jar:8.5.6]
	at org.apache.catalina.connector.Connector.startInternal(Connector.java:969) ~[tomcat-embed-core-8.5.6.jar:8.5.6]
	... 14 common frames omitted

2017-01-10 15:20:20.578  INFO 87799 --- [main] o.apache.catalina.core.StandardService   : Stopping service Tomcat
2017-01-10 15:20:20.607  INFO 87799 --- [main] utoConfigurationReportLoggingInitializer : 

Error starting ApplicationContext. To display the auto-configuration report re-run your application with 'debug' enabled.
2017-01-10 15:20:20.611 ERROR 87799 --- [main] o.s.b.d.LoggingFailureAnalysisReporter   : 

***************************
APPLICATION FAILED TO START
***************************

Description:

The Tomcat connector configured to listen on port 8080 failed to start. The port may already be in use or the connector may be misconfigured.

Action:

Verify the connector's configuration, identify and stop any process that's listening on port 8080, or configure this application to listen on another port.

2017-01-10 15:20:20.615  INFO 87799 --- [main] ationConfigEmbeddedWebApplicationContext : Closing org.springframework.boot.context.embedded.AnnotationConfigEmbeddedWebApplicationContext@3023df74: startup date [Tue Jan 10 15:20:04 NZDT 2017]; root of context hierarchy
2017-01-10 15:20:20.618  INFO 87799 --- [main] o.s.j.e.a.AnnotationMBeanExporter        : Unregistering JMX-exposed beans on shutdown
2017-01-10 15:20:20.625  INFO 87799 --- [main] j.LocalContainerEntityManagerFactoryBean : Closing JPA EntityManagerFactory for persistence unit 'default'
2017-01-10 15:20:20.626  INFO 87799 --- [main] org.hibernate.tool.hbm2ddl.SchemaExport  : HHH000227: Running hbm2ddl schema export
2017-01-10 15:20:20.931  INFO 87799 --- [main] org.hibernate.tool.hbm2ddl.SchemaExport  : HHH000230: Schema export complete
2017-01-10 20:47:48.475  INFO 89283 --- [main] n.c.funtown.rest.FuntownRestApplication  : Starting FuntownRestApplication on macbooks-Air.lan with PID 89283 (/usr/local/var/www/funtown-service/funtown-rest/target/classes started by macbook in /usr/local/var/www/funtown-service/funtown-rest)
2017-01-10 20:47:48.487  INFO 89283 --- [main] n.c.funtown.rest.FuntownRestApplication  : No active profile set, falling back to default profiles: default
2017-01-10 20:47:48.747  INFO 89283 --- [main] ationConfigEmbeddedWebApplicationContext : Refreshing org.springframework.boot.context.embedded.AnnotationConfigEmbeddedWebApplicationContext@3023df74: startup date [Tue Jan 10 20:47:48 NZDT 2017]; root of context hierarchy
2017-01-10 20:47:52.378  INFO 89283 --- [main] trationDelegate$BeanPostProcessorChecker : Bean 'org.springframework.transaction.annotation.ProxyTransactionManagementConfiguration' of type [class org.springframework.transaction.annotation.ProxyTransactionManagementConfiguration$$EnhancerBySpringCGLIB$$b544dee1] is not eligible for getting processed by all BeanPostProcessors (for example: not eligible for auto-proxying)
2017-01-10 20:47:53.647  INFO 89283 --- [main] s.b.c.e.t.TomcatEmbeddedServletContainer : Tomcat initialized with port(s): 8080 (http)
2017-01-10 20:47:53.685  INFO 89283 --- [main] o.apache.catalina.core.StandardService   : Starting service Tomcat
2017-01-10 20:47:53.689  INFO 89283 --- [main] org.apache.catalina.core.StandardEngine  : Starting Servlet Engine: Apache Tomcat/8.5.6
2017-01-10 20:47:53.979  INFO 89283 --- [localhost-startStop-1] o.a.c.c.C.[Tomcat].[localhost].[/]       : Initializing Spring embedded WebApplicationContext
2017-01-10 20:47:53.980  INFO 89283 --- [localhost-startStop-1] o.s.web.context.ContextLoader            : Root WebApplicationContext: initialization completed in 5264 ms
2017-01-10 20:47:54.355  INFO 89283 --- [localhost-startStop-1] o.s.b.w.servlet.FilterRegistrationBean   : Mapping filter: 'characterEncodingFilter' to: [/*]
2017-01-10 20:47:54.356  INFO 89283 --- [localhost-startStop-1] o.s.b.w.servlet.FilterRegistrationBean   : Mapping filter: 'hiddenHttpMethodFilter' to: [/*]
2017-01-10 20:47:54.356  INFO 89283 --- [localhost-startStop-1] o.s.b.w.servlet.FilterRegistrationBean   : Mapping filter: 'httpPutFormContentFilter' to: [/*]
2017-01-10 20:47:54.356  INFO 89283 --- [localhost-startStop-1] o.s.b.w.servlet.FilterRegistrationBean   : Mapping filter: 'requestContextFilter' to: [/*]
2017-01-10 20:47:54.358  INFO 89283 --- [localhost-startStop-1] .s.DelegatingFilterProxyRegistrationBean : Mapping filter: 'springSecurityFilterChain' to: [/*]
2017-01-10 20:47:54.359  INFO 89283 --- [localhost-startStop-1] o.s.b.w.servlet.ServletRegistrationBean  : Mapping servlet: 'dispatcherServlet' to [/]
2017-01-10 20:47:54.360  INFO 89283 --- [localhost-startStop-1] o.s.b.w.servlet.ServletRegistrationBean  : Mapping servlet: 'webServlet' to [/h2-console/*]
2017-01-10 20:47:54.953  INFO 89283 --- [main] j.LocalContainerEntityManagerFactoryBean : Building JPA container EntityManagerFactory for persistence unit 'default'
2017-01-10 20:47:55.031  INFO 89283 --- [main] o.hibernate.jpa.internal.util.LogHelper  : HHH000204: Processing PersistenceUnitInfo [
	name: default
	...]
2017-01-10 20:47:55.488  INFO 89283 --- [main] org.hibernate.Version                    : HHH000412: Hibernate Core {5.0.11.Final}
2017-01-10 20:47:55.495  INFO 89283 --- [main] org.hibernate.cfg.Environment            : HHH000206: hibernate.properties not found
2017-01-10 20:47:55.500  INFO 89283 --- [main] org.hibernate.cfg.Environment            : HHH000021: Bytecode provider name : javassist
2017-01-10 20:47:55.695  INFO 89283 --- [main] o.hibernate.annotations.common.Version   : HCANN000001: Hibernate Commons Annotations {5.0.1.Final}
2017-01-10 20:47:58.133  INFO 89283 --- [main] org.hibernate.dialect.Dialect            : HHH000400: Using dialect: org.hibernate.dialect.MySQL5Dialect
2017-01-10 20:47:59.757  INFO 89283 --- [main] org.hibernate.tool.hbm2ddl.SchemaExport  : HHH000227: Running hbm2ddl schema export
2017-01-10 20:47:59.783 ERROR 89283 --- [main] org.hibernate.tool.hbm2ddl.SchemaExport  : HHH000389: Unsuccessful: alter table catalog drop foreign key FKcougukk0tjetykrd46bpycj38
2017-01-10 20:47:59.783 ERROR 89283 --- [main] org.hibernate.tool.hbm2ddl.SchemaExport  : Table 'funtown.catalog' doesn't exist
2017-01-10 20:47:59.786 ERROR 89283 --- [main] org.hibernate.tool.hbm2ddl.SchemaExport  : HHH000389: Unsuccessful: alter table catalog_attribute drop foreign key FKta4lihduwycgihgsjxlqjg69x
2017-01-10 20:47:59.786 ERROR 89283 --- [main] org.hibernate.tool.hbm2ddl.SchemaExport  : Table 'funtown.catalog_attribute' doesn't exist
2017-01-10 20:47:59.788 ERROR 89283 --- [main] org.hibernate.tool.hbm2ddl.SchemaExport  : HHH000389: Unsuccessful: alter table product drop foreign key FK8oaejqr5kmuivpskpr3fxcg1m
2017-01-10 20:47:59.788 ERROR 89283 --- [main] org.hibernate.tool.hbm2ddl.SchemaExport  : Table 'funtown.product' doesn't exist
2017-01-10 20:47:59.791 ERROR 89283 --- [main] org.hibernate.tool.hbm2ddl.SchemaExport  : HHH000389: Unsuccessful: alter table product drop foreign key FKk0fxa1o9s5g1qnjqe6gl4e0tj
2017-01-10 20:47:59.791 ERROR 89283 --- [main] org.hibernate.tool.hbm2ddl.SchemaExport  : Table 'funtown.product' doesn't exist
2017-01-10 20:47:59.795 ERROR 89283 --- [main] org.hibernate.tool.hbm2ddl.SchemaExport  : HHH000389: Unsuccessful: alter table product_attribute drop foreign key FKlefs59y5kmsbu017n1wp10gf2
2017-01-10 20:47:59.795 ERROR 89283 --- [main] org.hibernate.tool.hbm2ddl.SchemaExport  : Table 'funtown.product_attribute' doesn't exist
2017-01-10 20:47:59.796 ERROR 89283 --- [main] org.hibernate.tool.hbm2ddl.SchemaExport  : HHH000389: Unsuccessful: alter table product_payment_method drop foreign key FKf6jll9xp3dup83xt13r9xr2kn
2017-01-10 20:47:59.797 ERROR 89283 --- [main] org.hibernate.tool.hbm2ddl.SchemaExport  : Table 'funtown.product_payment_method' doesn't exist
2017-01-10 20:47:59.805 ERROR 89283 --- [main] org.hibernate.tool.hbm2ddl.SchemaExport  : HHH000389: Unsuccessful: alter table product_payment_method drop foreign key FKotrhknfogof5bnrdntxp2a5si
2017-01-10 20:47:59.806 ERROR 89283 --- [main] org.hibernate.tool.hbm2ddl.SchemaExport  : Table 'funtown.product_payment_method' doesn't exist
2017-01-10 20:47:59.808 ERROR 89283 --- [main] org.hibernate.tool.hbm2ddl.SchemaExport  : HHH000389: Unsuccessful: alter table product_photos drop foreign key FKeea9pr0sr10slu136otfpqb76
2017-01-10 20:47:59.810 ERROR 89283 --- [main] org.hibernate.tool.hbm2ddl.SchemaExport  : Table 'funtown.product_photos' doesn't exist
2017-01-10 20:47:59.819 ERROR 89283 --- [main] org.hibernate.tool.hbm2ddl.SchemaExport  : HHH000389: Unsuccessful: alter table product_photos drop foreign key FKeurnts80qcflt0iv5lb68px7j
2017-01-10 20:47:59.819 ERROR 89283 --- [main] org.hibernate.tool.hbm2ddl.SchemaExport  : Table 'funtown.product_photos' doesn't exist
2017-01-10 20:47:59.822 ERROR 89283 --- [main] org.hibernate.tool.hbm2ddl.SchemaExport  : HHH000389: Unsuccessful: alter table product_price_detail drop foreign key FK125699iuybu9j954r7mcas175
2017-01-10 20:47:59.823 ERROR 89283 --- [main] org.hibernate.tool.hbm2ddl.SchemaExport  : Table 'funtown.product_price_detail' doesn't exist
2017-01-10 20:47:59.828 ERROR 89283 --- [main] org.hibernate.tool.hbm2ddl.SchemaExport  : HHH000389: Unsuccessful: alter table product_shipping_cost drop foreign key FKfx6elkgmtg8r9keg1uue91o9g
2017-01-10 20:47:59.828 ERROR 89283 --- [main] org.hibernate.tool.hbm2ddl.SchemaExport  : Table 'funtown.product_shipping_cost' doesn't exist
2017-01-10 20:47:59.830 ERROR 89283 --- [main] org.hibernate.tool.hbm2ddl.SchemaExport  : HHH000389: Unsuccessful: alter table product_shipping_cost drop foreign key FKsvcc1qgtmw8htofmgclbl4jbc
2017-01-10 20:47:59.830 ERROR 89283 --- [main] org.hibernate.tool.hbm2ddl.SchemaExport  : Table 'funtown.product_shipping_cost' doesn't exist
2017-01-10 20:48:00.850  INFO 89283 --- [main] org.hibernate.tool.hbm2ddl.SchemaExport  : HHH000230: Schema export complete
2017-01-10 20:48:01.024  INFO 89283 --- [main] j.LocalContainerEntityManagerFactoryBean : Initialized JPA EntityManagerFactory for persistence unit 'default'
2017-01-10 20:48:01.115  INFO 89283 --- [main] o.s.jdbc.datasource.init.ScriptUtils     : Executing SQL script from class path resource [db/data.sql]
2017-01-10 20:48:01.600  INFO 89283 --- [main] o.s.jdbc.datasource.init.ScriptUtils     : Executed SQL script from class path resource [db/data.sql] in 484 ms.
2017-01-10 20:48:02.346  INFO 89283 --- [main] o.h.h.i.QueryTranslatorFactoryInitiator  : HHH000397: Using ASTQueryTranslatorFactory
2017-01-10 20:48:03.390  INFO 89283 --- [main] s.w.s.m.m.a.RequestMappingHandlerAdapter : Looking for @ControllerAdvice: org.springframework.boot.context.embedded.AnnotationConfigEmbeddedWebApplicationContext@3023df74: startup date [Tue Jan 10 20:47:48 NZDT 2017]; root of context hierarchy
2017-01-10 20:48:03.644  INFO 89283 --- [main] s.w.s.m.m.a.RequestMappingHandlerMapping : Mapped "{[/rest/api]}" onto public java.lang.String nz.co.funtown.rest.FuntownRestApplication.welcome()
2017-01-10 20:48:03.650  INFO 89283 --- [main] s.w.s.m.m.a.RequestMappingHandlerMapping : Mapped "{[/rest/api/attributes || /rest/api/attributes/{name}],methods=[GET]}" onto java.util.Collection<nz.co.funtown.jpa.domain.MasterAttribute> nz.co.funtown.rest.controller.MasterAttributeController.getAttributes(java.util.Optional<java.lang.String>)
2017-01-10 20:48:03.652  INFO 89283 --- [main] s.w.s.m.m.a.RequestMappingHandlerMapping : Mapped "{[/rest/api/catalogues/search/{categoryName}]}" onto public java.util.Collection<nz.co.funtown.jpa.domain.projection.CatalogSearchResult> nz.co.funtown.rest.controller.product.CatalogController.searchCatalog(java.lang.String,java.lang.String)
2017-01-10 20:48:03.657  INFO 89283 --- [main] s.w.s.m.m.a.RequestMappingHandlerMapping : Mapped "{[/rest/api/catalogues/{catalogId}]}" onto public nz.co.funtown.jpa.domain.Catalog nz.co.funtown.rest.controller.product.CatalogController.getCatalogDetails(long)
2017-01-10 20:48:03.658  INFO 89283 --- [main] s.w.s.m.m.a.RequestMappingHandlerMapping : Mapped "{[/rest/api/categories || /rest/api/categories/{parentId}],methods=[GET]}" onto java.util.Collection<nz.co.funtown.jpa.entity.CategoryWithChildCount> nz.co.funtown.rest.controller.product.CategoryController.getCategories(java.util.Optional<java.lang.Long>)
2017-01-10 20:48:03.663  INFO 89283 --- [main] s.w.s.m.m.a.RequestMappingHandlerMapping : Mapped "{[/rest/api/products/{productId}],methods=[GET]}" onto public nz.co.funtown.jpa.domain.Product nz.co.funtown.rest.controller.product.ProductController.getProductDetails(java.lang.Long)
2017-01-10 20:48:03.665  INFO 89283 --- [main] s.w.s.m.m.a.RequestMappingHandlerMapping : Mapped "{[/rest/api/selling/products/count],methods=[GET]}" onto public java.util.Collection<nz.co.funtown.jpa.entity.ProductCount> nz.co.funtown.rest.controller.product.selling.ListingController.listProductCount()
2017-01-10 20:48:03.665  INFO 89283 --- [main] s.w.s.m.m.a.RequestMappingHandlerMapping : Mapped "{[/rest/api/selling/products],methods=[GET]}" onto public java.util.Collection<nz.co.funtown.jpa.entity.ProductList> nz.co.funtown.rest.controller.product.selling.ListingController.listProductByStatus(nz.co.funtown.jpa.enums.ProductStatues)
2017-01-10 20:48:03.675  INFO 89283 --- [main] s.w.s.m.m.a.RequestMappingHandlerMapping : Mapped "{[/rest/api/selling/products],methods=[POST],consumes=[multipart/form-data],produces=[application/json]}" onto public java.lang.Long nz.co.funtown.rest.controller.product.selling.SellingController.createProduct(nz.co.funtown.jpa.domain.Product,java.util.Optional<java.util.List<org.springframework.web.multipart.MultipartFile>>)
2017-01-10 20:48:03.675  INFO 89283 --- [main] s.w.s.m.m.a.RequestMappingHandlerMapping : Mapped "{[/rest/api/selling/products/{productId}],methods=[DELETE]}" onto public java.util.Collection<nz.co.funtown.jpa.entity.ProductCount> nz.co.funtown.rest.controller.product.selling.SellingController.deleteProduct(java.lang.Long)
2017-01-10 20:48:03.675  INFO 89283 --- [main] s.w.s.m.m.a.RequestMappingHandlerMapping : Mapped "{[/rest/api/selling/products/update],methods=[PUT],consumes=[application/json]}" onto public java.util.Collection<nz.co.funtown.jpa.entity.ProductCount> nz.co.funtown.rest.controller.product.selling.SellingController.updateProductStatus(java.util.List<nz.co.funtown.jpa.domain.Product>,nz.co.funtown.jpa.enums.ProductStatues)
2017-01-10 20:48:03.678  INFO 89283 --- [main] s.w.s.m.m.a.RequestMappingHandlerMapping : Mapped "{[/rest/api/selling/templates],methods=[GET]}" onto public java.util.Collection<nz.co.funtown.jpa.domain.ShippingTemplate> nz.co.funtown.rest.controller.product.selling.ShippingTemplateController.listTemplates()
2017-01-10 20:48:03.679  INFO 89283 --- [main] s.w.s.m.m.a.RequestMappingHandlerMapping : Mapped "{[/rest/api/selling/templates],methods=[POST]}" onto public nz.co.funtown.jpa.domain.ShippingTemplate nz.co.funtown.rest.controller.product.selling.ShippingTemplateController.addTemplate(nz.co.funtown.jpa.domain.ShippingTemplate)
2017-01-10 20:48:03.679  INFO 89283 --- [main] s.w.s.m.m.a.RequestMappingHandlerMapping : Mapped "{[/rest/api/selling/templates],methods=[PUT]}" onto public nz.co.funtown.jpa.domain.ShippingTemplate nz.co.funtown.rest.controller.product.selling.ShippingTemplateController.editTemplate(nz.co.funtown.jpa.domain.ShippingTemplate)
2017-01-10 20:48:03.679  INFO 89283 --- [main] s.w.s.m.m.a.RequestMappingHandlerMapping : Mapped "{[/rest/api/selling/templates/{templateId}],methods=[DELETE]}" onto public void nz.co.funtown.rest.controller.product.selling.ShippingTemplateController.deleteTemplate(java.lang.Long)
2017-01-10 20:48:03.683  INFO 89283 --- [main] s.w.s.m.m.a.RequestMappingHandlerMapping : Mapped "{[/error]}" onto public org.springframework.http.ResponseEntity<java.util.Map<java.lang.String, java.lang.Object>> org.springframework.boot.autoconfigure.web.BasicErrorController.error(javax.servlet.http.HttpServletRequest)
2017-01-10 20:48:03.683  INFO 89283 --- [main] s.w.s.m.m.a.RequestMappingHandlerMapping : Mapped "{[/error],produces=[text/html]}" onto public org.springframework.web.servlet.ModelAndView org.springframework.boot.autoconfigure.web.BasicErrorController.errorHtml(javax.servlet.http.HttpServletRequest,javax.servlet.http.HttpServletResponse)
2017-01-10 20:48:03.738  INFO 89283 --- [main] o.s.w.s.handler.SimpleUrlHandlerMapping  : Mapped URL path [/webjars/**] onto handler of type [class org.springframework.web.servlet.resource.ResourceHttpRequestHandler]
2017-01-10 20:48:03.738  INFO 89283 --- [main] o.s.w.s.handler.SimpleUrlHandlerMapping  : Mapped URL path [/**] onto handler of type [class org.springframework.web.servlet.resource.ResourceHttpRequestHandler]
2017-01-10 20:48:03.839  INFO 89283 --- [main] o.s.w.s.handler.SimpleUrlHandlerMapping  : Mapped URL path [/**/favicon.ico] onto handler of type [class org.springframework.web.servlet.resource.ResourceHttpRequestHandler]
2017-01-10 20:48:04.831  INFO 89283 --- [main] o.s.s.web.DefaultSecurityFilterChain     : Creating filter chain: Ant [pattern='/css/**'], []
2017-01-10 20:48:04.832  INFO 89283 --- [main] o.s.s.web.DefaultSecurityFilterChain     : Creating filter chain: Ant [pattern='/js/**'], []
2017-01-10 20:48:04.832  INFO 89283 --- [main] o.s.s.web.DefaultSecurityFilterChain     : Creating filter chain: Ant [pattern='/images/**'], []
2017-01-10 20:48:04.832  INFO 89283 --- [main] o.s.s.web.DefaultSecurityFilterChain     : Creating filter chain: Ant [pattern='/webjars/**'], []
2017-01-10 20:48:04.832  INFO 89283 --- [main] o.s.s.web.DefaultSecurityFilterChain     : Creating filter chain: Ant [pattern='/**/favicon.ico'], []
2017-01-10 20:48:04.832  INFO 89283 --- [main] o.s.s.web.DefaultSecurityFilterChain     : Creating filter chain: Ant [pattern='/error'], []
2017-01-10 20:48:05.001  INFO 89283 --- [main] o.s.s.web.DefaultSecurityFilterChain     : Creating filter chain: Ant [pattern='/h2-console/**'], [org.springframework.security.web.context.request.async.WebAsyncManagerIntegrationFilter@52d63b7e, org.springframework.security.web.context.SecurityContextPersistenceFilter@2ec0ca83, org.springframework.security.web.header.HeaderWriterFilter@319aa9ee, org.springframework.security.web.authentication.logout.LogoutFilter@4a453f8d, org.springframework.security.web.authentication.www.BasicAuthenticationFilter@59e0d521, org.springframework.security.web.savedrequest.RequestCacheAwareFilter@7827d7b, org.springframework.security.web.servletapi.SecurityContextHolderAwareRequestFilter@11cc9e1e, org.springframework.security.web.authentication.AnonymousAuthenticationFilter@74830d73, org.springframework.security.web.session.SessionManagementFilter@15371de2, org.springframework.security.web.access.ExceptionTranslationFilter@67c0c90b, org.springframework.security.web.access.intercept.FilterSecurityInterceptor@516c20de]
2017-01-10 20:48:05.015  INFO 89283 --- [main] o.s.s.web.DefaultSecurityFilterChain     : Creating filter chain: OrRequestMatcher [requestMatchers=[Ant [pattern='/**']]], [org.springframework.security.web.context.request.async.WebAsyncManagerIntegrationFilter@192f5f39, org.springframework.security.web.context.SecurityContextPersistenceFilter@42e202d7, org.springframework.security.web.header.HeaderWriterFilter@336d28a1, org.springframework.security.web.authentication.logout.LogoutFilter@40738846, org.springframework.security.web.authentication.www.BasicAuthenticationFilter@1255de25, org.springframework.security.web.savedrequest.RequestCacheAwareFilter@38e7860c, org.springframework.security.web.servletapi.SecurityContextHolderAwareRequestFilter@62158991, org.springframework.security.web.authentication.AnonymousAuthenticationFilter@4cd5fc46, org.springframework.security.web.session.SessionManagementFilter@738a39cc, org.springframework.security.web.access.ExceptionTranslationFilter@78e043e4, org.springframework.security.web.access.intercept.FilterSecurityInterceptor@38e46765]
2017-01-10 20:48:05.312  INFO 89283 --- [main] o.s.j.e.a.AnnotationMBeanExporter        : Registering beans for JMX exposure on startup
2017-01-10 20:48:05.519  INFO 89283 --- [main] s.b.c.e.t.TomcatEmbeddedServletContainer : Tomcat started on port(s): 8080 (http)
2017-01-10 20:48:05.529  INFO 89283 --- [main] n.c.funtown.rest.FuntownRestApplication  : Started FuntownRestApplication in 18.836 seconds (JVM running for 22.048)
2017-01-10 20:49:42.524  INFO 89283 --- [http-nio-127.0.0.1-8080-exec-1] o.a.c.c.C.[Tomcat].[localhost].[/]       : Initializing Spring FrameworkServlet 'dispatcherServlet'
2017-01-10 20:49:42.526  INFO 89283 --- [http-nio-127.0.0.1-8080-exec-1] o.s.web.servlet.DispatcherServlet        : FrameworkServlet 'dispatcherServlet': initialization started
2017-01-10 20:49:42.568  INFO 89283 --- [http-nio-127.0.0.1-8080-exec-1] o.s.web.servlet.DispatcherServlet        : FrameworkServlet 'dispatcherServlet': initialization completed in 41 ms
2017-01-10 20:49:53.097  INFO 89283 --- [http-nio-127.0.0.1-8080-exec-3] n.c.f.r.c.product.ProductController      : getProductDetails productId=1
2017-01-10 20:58:28.721  INFO 89283 --- [RMI TCP Connection(2)-192.168.1.85] inMXBeanRegistrar$SpringApplicationAdmin : Application shutdown requested.
2017-01-10 20:58:28.726  INFO 89283 --- [RMI TCP Connection(2)-192.168.1.85] ationConfigEmbeddedWebApplicationContext : Closing org.springframework.boot.context.embedded.AnnotationConfigEmbeddedWebApplicationContext@3023df74: startup date [Tue Jan 10 20:47:48 NZDT 2017]; root of context hierarchy
2017-01-10 20:58:28.737  INFO 89283 --- [RMI TCP Connection(2)-192.168.1.85] o.s.j.e.a.AnnotationMBeanExporter        : Unregistering JMX-exposed beans on shutdown
2017-01-10 20:58:28.740  INFO 89283 --- [RMI TCP Connection(2)-192.168.1.85] j.LocalContainerEntityManagerFactoryBean : Closing JPA EntityManagerFactory for persistence unit 'default'
2017-01-10 20:58:28.743  INFO 89283 --- [RMI TCP Connection(2)-192.168.1.85] org.hibernate.tool.hbm2ddl.SchemaExport  : HHH000227: Running hbm2ddl schema export
2017-01-10 20:58:29.120  INFO 89283 --- [RMI TCP Connection(2)-192.168.1.85] org.hibernate.tool.hbm2ddl.SchemaExport  : HHH000230: Schema export complete
2017-01-10 20:58:35.185  INFO 89398 --- [main] n.c.funtown.rest.FuntownRestApplication  : Starting FuntownRestApplication on macbooks-Air.lan with PID 89398 (/usr/local/var/www/funtown-service/funtown-rest/target/classes started by macbook in /usr/local/var/www/funtown-service/funtown-rest)
2017-01-10 20:58:35.190  INFO 89398 --- [main] n.c.funtown.rest.FuntownRestApplication  : No active profile set, falling back to default profiles: default
2017-01-10 20:58:35.385  INFO 89398 --- [main] ationConfigEmbeddedWebApplicationContext : Refreshing org.springframework.boot.context.embedded.AnnotationConfigEmbeddedWebApplicationContext@3023df74: startup date [Tue Jan 10 20:58:35 NZDT 2017]; root of context hierarchy
2017-01-10 20:58:37.731  INFO 89398 --- [main] trationDelegate$BeanPostProcessorChecker : Bean 'org.springframework.transaction.annotation.ProxyTransactionManagementConfiguration' of type [class org.springframework.transaction.annotation.ProxyTransactionManagementConfiguration$$EnhancerBySpringCGLIB$$b544dee1] is not eligible for getting processed by all BeanPostProcessors (for example: not eligible for auto-proxying)
2017-01-10 20:58:38.710  INFO 89398 --- [main] s.b.c.e.t.TomcatEmbeddedServletContainer : Tomcat initialized with port(s): 8080 (http)
2017-01-10 20:58:38.734  INFO 89398 --- [main] o.apache.catalina.core.StandardService   : Starting service Tomcat
2017-01-10 20:58:38.737  INFO 89398 --- [main] org.apache.catalina.core.StandardEngine  : Starting Servlet Engine: Apache Tomcat/8.5.6
2017-01-10 20:58:38.918  INFO 89398 --- [localhost-startStop-1] o.a.c.c.C.[Tomcat].[localhost].[/]       : Initializing Spring embedded WebApplicationContext
2017-01-10 20:58:38.918  INFO 89398 --- [localhost-startStop-1] o.s.web.context.ContextLoader            : Root WebApplicationContext: initialization completed in 3539 ms
2017-01-10 20:58:39.416  INFO 89398 --- [localhost-startStop-1] o.s.b.w.servlet.FilterRegistrationBean   : Mapping filter: 'characterEncodingFilter' to: [/*]
2017-01-10 20:58:39.417  INFO 89398 --- [localhost-startStop-1] o.s.b.w.servlet.FilterRegistrationBean   : Mapping filter: 'hiddenHttpMethodFilter' to: [/*]
2017-01-10 20:58:39.418  INFO 89398 --- [localhost-startStop-1] o.s.b.w.servlet.FilterRegistrationBean   : Mapping filter: 'httpPutFormContentFilter' to: [/*]
2017-01-10 20:58:39.418  INFO 89398 --- [localhost-startStop-1] o.s.b.w.servlet.FilterRegistrationBean   : Mapping filter: 'requestContextFilter' to: [/*]
2017-01-10 20:58:39.420  INFO 89398 --- [localhost-startStop-1] .s.DelegatingFilterProxyRegistrationBean : Mapping filter: 'springSecurityFilterChain' to: [/*]
2017-01-10 20:58:39.421  INFO 89398 --- [localhost-startStop-1] o.s.b.w.servlet.ServletRegistrationBean  : Mapping servlet: 'dispatcherServlet' to [/]
2017-01-10 20:58:39.423  INFO 89398 --- [localhost-startStop-1] o.s.b.w.servlet.ServletRegistrationBean  : Mapping servlet: 'webServlet' to [/h2-console/*]
2017-01-10 20:58:39.910  INFO 89398 --- [main] j.LocalContainerEntityManagerFactoryBean : Building JPA container EntityManagerFactory for persistence unit 'default'
2017-01-10 20:58:39.937  INFO 89398 --- [main] o.hibernate.jpa.internal.util.LogHelper  : HHH000204: Processing PersistenceUnitInfo [
	name: default
	...]
2017-01-10 20:58:40.061  INFO 89398 --- [main] org.hibernate.Version                    : HHH000412: Hibernate Core {5.0.11.Final}
2017-01-10 20:58:40.063  INFO 89398 --- [main] org.hibernate.cfg.Environment            : HHH000206: hibernate.properties not found
2017-01-10 20:58:40.066  INFO 89398 --- [main] org.hibernate.cfg.Environment            : HHH000021: Bytecode provider name : javassist
2017-01-10 20:58:40.138  INFO 89398 --- [main] o.hibernate.annotations.common.Version   : HCANN000001: Hibernate Commons Annotations {5.0.1.Final}
2017-01-10 20:58:41.674  INFO 89398 --- [main] org.hibernate.dialect.Dialect            : HHH000400: Using dialect: org.hibernate.dialect.MySQL5Dialect
2017-01-10 20:58:42.512  INFO 89398 --- [main] org.hibernate.tool.hbm2ddl.SchemaExport  : HHH000227: Running hbm2ddl schema export
2017-01-10 20:58:42.527 ERROR 89398 --- [main] org.hibernate.tool.hbm2ddl.SchemaExport  : HHH000389: Unsuccessful: alter table catalog drop foreign key FKcougukk0tjetykrd46bpycj38
2017-01-10 20:58:42.528 ERROR 89398 --- [main] org.hibernate.tool.hbm2ddl.SchemaExport  : Table 'funtown.catalog' doesn't exist
2017-01-10 20:58:42.529 ERROR 89398 --- [main] org.hibernate.tool.hbm2ddl.SchemaExport  : HHH000389: Unsuccessful: alter table catalog_attribute drop foreign key FKta4lihduwycgihgsjxlqjg69x
2017-01-10 20:58:42.530 ERROR 89398 --- [main] org.hibernate.tool.hbm2ddl.SchemaExport  : Table 'funtown.catalog_attribute' doesn't exist
2017-01-10 20:58:42.531 ERROR 89398 --- [main] org.hibernate.tool.hbm2ddl.SchemaExport  : HHH000389: Unsuccessful: alter table product drop foreign key FK8oaejqr5kmuivpskpr3fxcg1m
2017-01-10 20:58:42.531 ERROR 89398 --- [main] org.hibernate.tool.hbm2ddl.SchemaExport  : Table 'funtown.product' doesn't exist
2017-01-10 20:58:42.532 ERROR 89398 --- [main] org.hibernate.tool.hbm2ddl.SchemaExport  : HHH000389: Unsuccessful: alter table product drop foreign key FKk0fxa1o9s5g1qnjqe6gl4e0tj
2017-01-10 20:58:42.532 ERROR 89398 --- [main] org.hibernate.tool.hbm2ddl.SchemaExport  : Table 'funtown.product' doesn't exist
2017-01-10 20:58:42.534 ERROR 89398 --- [main] org.hibernate.tool.hbm2ddl.SchemaExport  : HHH000389: Unsuccessful: alter table product_attribute drop foreign key FKlefs59y5kmsbu017n1wp10gf2
2017-01-10 20:58:42.535 ERROR 89398 --- [main] org.hibernate.tool.hbm2ddl.SchemaExport  : Table 'funtown.product_attribute' doesn't exist
2017-01-10 20:58:42.536 ERROR 89398 --- [main] org.hibernate.tool.hbm2ddl.SchemaExport  : HHH000389: Unsuccessful: alter table product_payment_method drop foreign key FKf6jll9xp3dup83xt13r9xr2kn
2017-01-10 20:58:42.536 ERROR 89398 --- [main] org.hibernate.tool.hbm2ddl.SchemaExport  : Table 'funtown.product_payment_method' doesn't exist
2017-01-10 20:58:42.538 ERROR 89398 --- [main] org.hibernate.tool.hbm2ddl.SchemaExport  : HHH000389: Unsuccessful: alter table product_payment_method drop foreign key FKotrhknfogof5bnrdntxp2a5si
2017-01-10 20:58:42.538 ERROR 89398 --- [main] org.hibernate.tool.hbm2ddl.SchemaExport  : Table 'funtown.product_payment_method' doesn't exist
2017-01-10 20:58:42.540 ERROR 89398 --- [main] org.hibernate.tool.hbm2ddl.SchemaExport  : HHH000389: Unsuccessful: alter table product_photos drop foreign key FKeea9pr0sr10slu136otfpqb76
2017-01-10 20:58:42.540 ERROR 89398 --- [main] org.hibernate.tool.hbm2ddl.SchemaExport  : Table 'funtown.product_photos' doesn't exist
2017-01-10 20:58:42.541 ERROR 89398 --- [main] org.hibernate.tool.hbm2ddl.SchemaExport  : HHH000389: Unsuccessful: alter table product_photos drop foreign key FKeurnts80qcflt0iv5lb68px7j
2017-01-10 20:58:42.542 ERROR 89398 --- [main] org.hibernate.tool.hbm2ddl.SchemaExport  : Table 'funtown.product_photos' doesn't exist
2017-01-10 20:58:42.543 ERROR 89398 --- [main] org.hibernate.tool.hbm2ddl.SchemaExport  : HHH000389: Unsuccessful: alter table product_price_detail drop foreign key FK125699iuybu9j954r7mcas175
2017-01-10 20:58:42.543 ERROR 89398 --- [main] org.hibernate.tool.hbm2ddl.SchemaExport  : Table 'funtown.product_price_detail' doesn't exist
2017-01-10 20:58:42.544 ERROR 89398 --- [main] org.hibernate.tool.hbm2ddl.SchemaExport  : HHH000389: Unsuccessful: alter table product_shipping_cost drop foreign key FKfx6elkgmtg8r9keg1uue91o9g
2017-01-10 20:58:42.544 ERROR 89398 --- [main] org.hibernate.tool.hbm2ddl.SchemaExport  : Table 'funtown.product_shipping_cost' doesn't exist
2017-01-10 20:58:42.545 ERROR 89398 --- [main] org.hibernate.tool.hbm2ddl.SchemaExport  : HHH000389: Unsuccessful: alter table product_shipping_cost drop foreign key FKsvcc1qgtmw8htofmgclbl4jbc
2017-01-10 20:58:42.546 ERROR 89398 --- [main] org.hibernate.tool.hbm2ddl.SchemaExport  : Table 'funtown.product_shipping_cost' doesn't exist
2017-01-10 20:58:43.390  INFO 89398 --- [main] org.hibernate.tool.hbm2ddl.SchemaExport  : HHH000230: Schema export complete
2017-01-10 20:58:43.472  INFO 89398 --- [main] j.LocalContainerEntityManagerFactoryBean : Initialized JPA EntityManagerFactory for persistence unit 'default'
2017-01-10 20:58:43.553  INFO 89398 --- [main] o.s.jdbc.datasource.init.ScriptUtils     : Executing SQL script from class path resource [db/data.sql]
2017-01-10 20:58:44.053  INFO 89398 --- [main] o.s.jdbc.datasource.init.ScriptUtils     : Executed SQL script from class path resource [db/data.sql] in 500 ms.
2017-01-10 20:58:44.502  INFO 89398 --- [main] o.h.h.i.QueryTranslatorFactoryInitiator  : HHH000397: Using ASTQueryTranslatorFactory
2017-01-10 20:58:45.408  INFO 89398 --- [main] s.w.s.m.m.a.RequestMappingHandlerAdapter : Looking for @ControllerAdvice: org.springframework.boot.context.embedded.AnnotationConfigEmbeddedWebApplicationContext@3023df74: startup date [Tue Jan 10 20:58:35 NZDT 2017]; root of context hierarchy
2017-01-10 20:58:45.572  INFO 89398 --- [main] s.w.s.m.m.a.RequestMappingHandlerMapping : Mapped "{[/rest/api]}" onto public java.lang.String nz.co.funtown.rest.FuntownRestApplication.welcome()
2017-01-10 20:58:45.583  INFO 89398 --- [main] s.w.s.m.m.a.RequestMappingHandlerMapping : Mapped "{[/rest/api/attributes || /rest/api/attributes/{name}],methods=[GET]}" onto java.util.Collection<nz.co.funtown.jpa.domain.MasterAttribute> nz.co.funtown.rest.controller.MasterAttributeController.getAttributes(java.util.Optional<java.lang.String>)
2017-01-10 20:58:45.584  INFO 89398 --- [main] s.w.s.m.m.a.RequestMappingHandlerMapping : Mapped "{[/rest/api/catalogues/search/{categoryName}]}" onto public java.util.Collection<nz.co.funtown.jpa.domain.projection.CatalogSearchResult> nz.co.funtown.rest.controller.product.CatalogController.searchCatalog(java.lang.String,java.lang.String)
2017-01-10 20:58:45.585  INFO 89398 --- [main] s.w.s.m.m.a.RequestMappingHandlerMapping : Mapped "{[/rest/api/catalogues/{catalogId}]}" onto public nz.co.funtown.jpa.domain.Catalog nz.co.funtown.rest.controller.product.CatalogController.getCatalogDetails(long)
2017-01-10 20:58:45.587  INFO 89398 --- [main] s.w.s.m.m.a.RequestMappingHandlerMapping : Mapped "{[/rest/api/categories || /rest/api/categories/{parentId}],methods=[GET]}" onto java.util.Collection<nz.co.funtown.jpa.entity.CategoryWithChildCount> nz.co.funtown.rest.controller.product.CategoryController.getCategories(java.util.Optional<java.lang.Long>)
2017-01-10 20:58:45.591  INFO 89398 --- [main] s.w.s.m.m.a.RequestMappingHandlerMapping : Mapped "{[/rest/api/products/{productId}],methods=[GET]}" onto public nz.co.funtown.jpa.domain.Product nz.co.funtown.rest.controller.product.ProductController.getProductDetails(java.lang.Long)
2017-01-10 20:58:45.592  INFO 89398 --- [main] s.w.s.m.m.a.RequestMappingHandlerMapping : Mapped "{[/rest/api/selling/products/count],methods=[GET]}" onto public java.util.Collection<nz.co.funtown.jpa.entity.ProductCount> nz.co.funtown.rest.controller.product.selling.ListingController.listProductCount()
2017-01-10 20:58:45.593  INFO 89398 --- [main] s.w.s.m.m.a.RequestMappingHandlerMapping : Mapped "{[/rest/api/selling/products],methods=[GET]}" onto public java.util.Collection<nz.co.funtown.jpa.entity.ProductList> nz.co.funtown.rest.controller.product.selling.ListingController.listProductByStatus(nz.co.funtown.jpa.enums.ProductStatues)
2017-01-10 20:58:45.600  INFO 89398 --- [main] s.w.s.m.m.a.RequestMappingHandlerMapping : Mapped "{[/rest/api/selling/products],methods=[POST],consumes=[multipart/form-data],produces=[application/json]}" onto public java.lang.Long nz.co.funtown.rest.controller.product.selling.SellingController.createProduct(nz.co.funtown.jpa.domain.Product,java.util.Optional<java.util.List<org.springframework.web.multipart.MultipartFile>>)
2017-01-10 20:58:45.601  INFO 89398 --- [main] s.w.s.m.m.a.RequestMappingHandlerMapping : Mapped "{[/rest/api/selling/products/{productId}],methods=[DELETE]}" onto public java.util.Collection<nz.co.funtown.jpa.entity.ProductCount> nz.co.funtown.rest.controller.product.selling.SellingController.deleteProduct(java.lang.Long)
2017-01-10 20:58:45.602  INFO 89398 --- [main] s.w.s.m.m.a.RequestMappingHandlerMapping : Mapped "{[/rest/api/selling/products/update],methods=[PUT],consumes=[application/json]}" onto public java.util.Collection<nz.co.funtown.jpa.entity.ProductCount> nz.co.funtown.rest.controller.product.selling.SellingController.updateProductStatus(java.util.List<nz.co.funtown.jpa.domain.Product>,nz.co.funtown.jpa.enums.ProductStatues)
2017-01-10 20:58:45.605  INFO 89398 --- [main] s.w.s.m.m.a.RequestMappingHandlerMapping : Mapped "{[/rest/api/selling/templates],methods=[GET]}" onto public java.util.Collection<nz.co.funtown.jpa.domain.ShippingTemplate> nz.co.funtown.rest.controller.product.selling.ShippingTemplateController.listTemplates()
2017-01-10 20:58:45.606  INFO 89398 --- [main] s.w.s.m.m.a.RequestMappingHandlerMapping : Mapped "{[/rest/api/selling/templates],methods=[POST]}" onto public nz.co.funtown.jpa.domain.ShippingTemplate nz.co.funtown.rest.controller.product.selling.ShippingTemplateController.addTemplate(nz.co.funtown.jpa.domain.ShippingTemplate)
2017-01-10 20:58:45.606  INFO 89398 --- [main] s.w.s.m.m.a.RequestMappingHandlerMapping : Mapped "{[/rest/api/selling/templates],methods=[PUT]}" onto public nz.co.funtown.jpa.domain.ShippingTemplate nz.co.funtown.rest.controller.product.selling.ShippingTemplateController.editTemplate(nz.co.funtown.jpa.domain.ShippingTemplate)
2017-01-10 20:58:45.606  INFO 89398 --- [main] s.w.s.m.m.a.RequestMappingHandlerMapping : Mapped "{[/rest/api/selling/templates/{templateId}],methods=[DELETE]}" onto public void nz.co.funtown.rest.controller.product.selling.ShippingTemplateController.deleteTemplate(java.lang.Long)
2017-01-10 20:58:45.608  INFO 89398 --- [main] s.w.s.m.m.a.RequestMappingHandlerMapping : Mapped "{[/error]}" onto public org.springframework.http.ResponseEntity<java.util.Map<java.lang.String, java.lang.Object>> org.springframework.boot.autoconfigure.web.BasicErrorController.error(javax.servlet.http.HttpServletRequest)
2017-01-10 20:58:45.609  INFO 89398 --- [main] s.w.s.m.m.a.RequestMappingHandlerMapping : Mapped "{[/error],produces=[text/html]}" onto public org.springframework.web.servlet.ModelAndView org.springframework.boot.autoconfigure.web.BasicErrorController.errorHtml(javax.servlet.http.HttpServletRequest,javax.servlet.http.HttpServletResponse)
2017-01-10 20:58:45.651  INFO 89398 --- [main] o.s.w.s.handler.SimpleUrlHandlerMapping  : Mapped URL path [/webjars/**] onto handler of type [class org.springframework.web.servlet.resource.ResourceHttpRequestHandler]
2017-01-10 20:58:45.652  INFO 89398 --- [main] o.s.w.s.handler.SimpleUrlHandlerMapping  : Mapped URL path [/**] onto handler of type [class org.springframework.web.servlet.resource.ResourceHttpRequestHandler]
2017-01-10 20:58:45.716  INFO 89398 --- [main] o.s.w.s.handler.SimpleUrlHandlerMapping  : Mapped URL path [/**/favicon.ico] onto handler of type [class org.springframework.web.servlet.resource.ResourceHttpRequestHandler]
2017-01-10 20:58:46.174  INFO 89398 --- [main] o.s.s.web.DefaultSecurityFilterChain     : Creating filter chain: Ant [pattern='/css/**'], []
2017-01-10 20:58:46.174  INFO 89398 --- [main] o.s.s.web.DefaultSecurityFilterChain     : Creating filter chain: Ant [pattern='/js/**'], []
2017-01-10 20:58:46.174  INFO 89398 --- [main] o.s.s.web.DefaultSecurityFilterChain     : Creating filter chain: Ant [pattern='/images/**'], []
2017-01-10 20:58:46.175  INFO 89398 --- [main] o.s.s.web.DefaultSecurityFilterChain     : Creating filter chain: Ant [pattern='/webjars/**'], []
2017-01-10 20:58:46.175  INFO 89398 --- [main] o.s.s.web.DefaultSecurityFilterChain     : Creating filter chain: Ant [pattern='/**/favicon.ico'], []
2017-01-10 20:58:46.175  INFO 89398 --- [main] o.s.s.web.DefaultSecurityFilterChain     : Creating filter chain: Ant [pattern='/error'], []
2017-01-10 20:58:46.309  INFO 89398 --- [main] o.s.s.web.DefaultSecurityFilterChain     : Creating filter chain: Ant [pattern='/h2-console/**'], [org.springframework.security.web.context.request.async.WebAsyncManagerIntegrationFilter@5310e451, org.springframework.security.web.context.SecurityContextPersistenceFilter@5b5b53c6, org.springframework.security.web.header.HeaderWriterFilter@50f3ba6a, org.springframework.security.web.authentication.logout.LogoutFilter@2efcc0b3, org.springframework.security.web.authentication.www.BasicAuthenticationFilter@69c33ea2, org.springframework.security.web.savedrequest.RequestCacheAwareFilter@3350ab4, org.springframework.security.web.servletapi.SecurityContextHolderAwareRequestFilter@5315266, org.springframework.security.web.authentication.AnonymousAuthenticationFilter@52d63b7e, org.springframework.security.web.session.SessionManagementFilter@160c7c42, org.springframework.security.web.access.ExceptionTranslationFilter@1a0ffb9b, org.springframework.security.web.access.intercept.FilterSecurityInterceptor@16fc5622]
2017-01-10 20:58:46.325  INFO 89398 --- [main] o.s.s.web.DefaultSecurityFilterChain     : Creating filter chain: OrRequestMatcher [requestMatchers=[Ant [pattern='/**']]], [org.springframework.security.web.context.request.async.WebAsyncManagerIntegrationFilter@38e46765, org.springframework.security.web.context.SecurityContextPersistenceFilter@738a39cc, org.springframework.security.web.header.HeaderWriterFilter@78e043e4, org.springframework.security.web.authentication.logout.LogoutFilter@62158991, org.springframework.security.web.authentication.www.BasicAuthenticationFilter@40738846, org.springframework.security.web.savedrequest.RequestCacheAwareFilter@42e202d7, org.springframework.security.web.servletapi.SecurityContextHolderAwareRequestFilter@38e7860c, org.springframework.security.web.authentication.AnonymousAuthenticationFilter@192f5f39, org.springframework.security.web.session.SessionManagementFilter@336d28a1, org.springframework.security.web.access.ExceptionTranslationFilter@5f3ddc86, org.springframework.security.web.access.intercept.FilterSecurityInterceptor@4fc3529]
2017-01-10 20:58:46.539  INFO 89398 --- [main] o.s.j.e.a.AnnotationMBeanExporter        : Registering beans for JMX exposure on startup
2017-01-10 20:58:46.639  INFO 89398 --- [main] s.b.c.e.t.TomcatEmbeddedServletContainer : Tomcat started on port(s): 8080 (http)
2017-01-10 20:58:46.648  INFO 89398 --- [main] n.c.funtown.rest.FuntownRestApplication  : Started FuntownRestApplication in 12.022 seconds (JVM running for 12.728)
2017-01-10 20:59:07.492  INFO 89398 --- [http-nio-127.0.0.1-8080-exec-1] o.a.c.c.C.[Tomcat].[localhost].[/]       : Initializing Spring FrameworkServlet 'dispatcherServlet'
2017-01-10 20:59:07.496  INFO 89398 --- [http-nio-127.0.0.1-8080-exec-1] o.s.web.servlet.DispatcherServlet        : FrameworkServlet 'dispatcherServlet': initialization started
2017-01-10 20:59:07.524  INFO 89398 --- [http-nio-127.0.0.1-8080-exec-1] o.s.web.servlet.DispatcherServlet        : FrameworkServlet 'dispatcherServlet': initialization completed in 27 ms
2017-01-10 21:34:22.171  INFO 89398 --- [RMI TCP Connection(2)-192.168.1.85] inMXBeanRegistrar$SpringApplicationAdmin : Application shutdown requested.
2017-01-10 21:34:22.185  INFO 89398 --- [RMI TCP Connection(2)-192.168.1.85] ationConfigEmbeddedWebApplicationContext : Closing org.springframework.boot.context.embedded.AnnotationConfigEmbeddedWebApplicationContext@3023df74: startup date [Tue Jan 10 20:58:35 NZDT 2017]; root of context hierarchy
2017-01-10 21:34:22.216  INFO 89398 --- [RMI TCP Connection(2)-192.168.1.85] o.s.j.e.a.AnnotationMBeanExporter        : Unregistering JMX-exposed beans on shutdown
2017-01-10 21:34:22.225  INFO 89398 --- [RMI TCP Connection(2)-192.168.1.85] j.LocalContainerEntityManagerFactoryBean : Closing JPA EntityManagerFactory for persistence unit 'default'
2017-01-10 21:34:22.233  INFO 89398 --- [RMI TCP Connection(2)-192.168.1.85] org.hibernate.tool.hbm2ddl.SchemaExport  : HHH000227: Running hbm2ddl schema export
2017-01-10 21:34:22.685  INFO 89398 --- [RMI TCP Connection(2)-192.168.1.85] org.hibernate.tool.hbm2ddl.SchemaExport  : HHH000230: Schema export complete
2017-01-10 21:41:18.078  INFO 90097 --- [main] n.c.funtown.rest.FuntownRestApplication  : Starting FuntownRestApplication on macbooks-Air.lan with PID 90097 (/usr/local/var/www/funtown-service/funtown-rest/target/classes started by macbook in /usr/local/var/www/funtown-service/funtown-rest)
2017-01-10 21:41:18.086  INFO 90097 --- [main] n.c.funtown.rest.FuntownRestApplication  : No active profile set, falling back to default profiles: default
2017-01-10 21:41:18.324  INFO 90097 --- [main] ationConfigEmbeddedWebApplicationContext : Refreshing org.springframework.boot.context.embedded.AnnotationConfigEmbeddedWebApplicationContext@3023df74: startup date [Tue Jan 10 21:41:18 NZDT 2017]; root of context hierarchy
2017-01-10 21:41:21.629  INFO 90097 --- [main] trationDelegate$BeanPostProcessorChecker : Bean 'org.springframework.transaction.annotation.ProxyTransactionManagementConfiguration' of type [class org.springframework.transaction.annotation.ProxyTransactionManagementConfiguration$$EnhancerBySpringCGLIB$$b544dee1] is not eligible for getting processed by all BeanPostProcessors (for example: not eligible for auto-proxying)
2017-01-10 21:41:22.943  INFO 90097 --- [main] s.b.c.e.t.TomcatEmbeddedServletContainer : Tomcat initialized with port(s): 8080 (http)
2017-01-10 21:41:22.996  INFO 90097 --- [main] o.apache.catalina.core.StandardService   : Starting service Tomcat
2017-01-10 21:41:23.002  INFO 90097 --- [main] org.apache.catalina.core.StandardEngine  : Starting Servlet Engine: Apache Tomcat/8.5.6
2017-01-10 21:41:23.349  INFO 90097 --- [localhost-startStop-1] o.a.c.c.C.[Tomcat].[localhost].[/]       : Initializing Spring embedded WebApplicationContext
2017-01-10 21:41:23.349  INFO 90097 --- [localhost-startStop-1] o.s.web.context.ContextLoader            : Root WebApplicationContext: initialization completed in 5049 ms
2017-01-10 21:41:23.723  INFO 90097 --- [localhost-startStop-1] o.s.b.w.servlet.FilterRegistrationBean   : Mapping filter: 'characterEncodingFilter' to: [/*]
2017-01-10 21:41:23.725  INFO 90097 --- [localhost-startStop-1] o.s.b.w.servlet.FilterRegistrationBean   : Mapping filter: 'hiddenHttpMethodFilter' to: [/*]
2017-01-10 21:41:23.725  INFO 90097 --- [localhost-startStop-1] o.s.b.w.servlet.FilterRegistrationBean   : Mapping filter: 'httpPutFormContentFilter' to: [/*]
2017-01-10 21:41:23.725  INFO 90097 --- [localhost-startStop-1] o.s.b.w.servlet.FilterRegistrationBean   : Mapping filter: 'requestContextFilter' to: [/*]
2017-01-10 21:41:23.728  INFO 90097 --- [localhost-startStop-1] .s.DelegatingFilterProxyRegistrationBean : Mapping filter: 'springSecurityFilterChain' to: [/*]
2017-01-10 21:41:23.728  INFO 90097 --- [localhost-startStop-1] o.s.b.w.servlet.ServletRegistrationBean  : Mapping servlet: 'dispatcherServlet' to [/]
2017-01-10 21:41:23.731  INFO 90097 --- [localhost-startStop-1] o.s.b.w.servlet.ServletRegistrationBean  : Mapping servlet: 'webServlet' to [/h2-console/*]
2017-01-10 21:41:24.391  INFO 90097 --- [main] j.LocalContainerEntityManagerFactoryBean : Building JPA container EntityManagerFactory for persistence unit 'default'
2017-01-10 21:41:24.462  INFO 90097 --- [main] o.hibernate.jpa.internal.util.LogHelper  : HHH000204: Processing PersistenceUnitInfo [
	name: default
	...]
2017-01-10 21:41:24.913  INFO 90097 --- [main] org.hibernate.Version                    : HHH000412: Hibernate Core {5.0.11.Final}
2017-01-10 21:41:24.916  INFO 90097 --- [main] org.hibernate.cfg.Environment            : HHH000206: hibernate.properties not found
2017-01-10 21:41:24.921  INFO 90097 --- [main] org.hibernate.cfg.Environment            : HHH000021: Bytecode provider name : javassist
2017-01-10 21:41:25.141  INFO 90097 --- [main] o.hibernate.annotations.common.Version   : HCANN000001: Hibernate Commons Annotations {5.0.1.Final}
2017-01-10 21:41:27.499  INFO 90097 --- [main] org.hibernate.dialect.Dialect            : HHH000400: Using dialect: org.hibernate.dialect.MySQL5Dialect
2017-01-10 21:41:29.128  INFO 90097 --- [main] org.hibernate.tool.hbm2ddl.SchemaExport  : HHH000227: Running hbm2ddl schema export
2017-01-10 21:41:29.155 ERROR 90097 --- [main] org.hibernate.tool.hbm2ddl.SchemaExport  : HHH000389: Unsuccessful: alter table catalog drop foreign key FKcougukk0tjetykrd46bpycj38
2017-01-10 21:41:29.155 ERROR 90097 --- [main] org.hibernate.tool.hbm2ddl.SchemaExport  : Table 'funtown.catalog' doesn't exist
2017-01-10 21:41:29.156 ERROR 90097 --- [main] org.hibernate.tool.hbm2ddl.SchemaExport  : HHH000389: Unsuccessful: alter table catalog_attribute drop foreign key FKta4lihduwycgihgsjxlqjg69x
2017-01-10 21:41:29.157 ERROR 90097 --- [main] org.hibernate.tool.hbm2ddl.SchemaExport  : Table 'funtown.catalog_attribute' doesn't exist
2017-01-10 21:41:29.160 ERROR 90097 --- [main] org.hibernate.tool.hbm2ddl.SchemaExport  : HHH000389: Unsuccessful: alter table product drop foreign key FK8oaejqr5kmuivpskpr3fxcg1m
2017-01-10 21:41:29.161 ERROR 90097 --- [main] org.hibernate.tool.hbm2ddl.SchemaExport  : Table 'funtown.product' doesn't exist
2017-01-10 21:41:29.162 ERROR 90097 --- [main] org.hibernate.tool.hbm2ddl.SchemaExport  : HHH000389: Unsuccessful: alter table product drop foreign key FKk0fxa1o9s5g1qnjqe6gl4e0tj
2017-01-10 21:41:29.162 ERROR 90097 --- [main] org.hibernate.tool.hbm2ddl.SchemaExport  : Table 'funtown.product' doesn't exist
2017-01-10 21:41:29.164 ERROR 90097 --- [main] org.hibernate.tool.hbm2ddl.SchemaExport  : HHH000389: Unsuccessful: alter table product_attribute drop foreign key FKlefs59y5kmsbu017n1wp10gf2
2017-01-10 21:41:29.164 ERROR 90097 --- [main] org.hibernate.tool.hbm2ddl.SchemaExport  : Table 'funtown.product_attribute' doesn't exist
2017-01-10 21:41:29.165 ERROR 90097 --- [main] org.hibernate.tool.hbm2ddl.SchemaExport  : HHH000389: Unsuccessful: alter table product_payment_method drop foreign key FKf6jll9xp3dup83xt13r9xr2kn
2017-01-10 21:41:29.166 ERROR 90097 --- [main] org.hibernate.tool.hbm2ddl.SchemaExport  : Table 'funtown.product_payment_method' doesn't exist
2017-01-10 21:41:29.167 ERROR 90097 --- [main] org.hibernate.tool.hbm2ddl.SchemaExport  : HHH000389: Unsuccessful: alter table product_payment_method drop foreign key FKotrhknfogof5bnrdntxp2a5si
2017-01-10 21:41:29.167 ERROR 90097 --- [main] org.hibernate.tool.hbm2ddl.SchemaExport  : Table 'funtown.product_payment_method' doesn't exist
2017-01-10 21:41:29.169 ERROR 90097 --- [main] org.hibernate.tool.hbm2ddl.SchemaExport  : HHH000389: Unsuccessful: alter table product_photos drop foreign key FKeea9pr0sr10slu136otfpqb76
2017-01-10 21:41:29.169 ERROR 90097 --- [main] org.hibernate.tool.hbm2ddl.SchemaExport  : Table 'funtown.product_photos' doesn't exist
2017-01-10 21:41:29.170 ERROR 90097 --- [main] org.hibernate.tool.hbm2ddl.SchemaExport  : HHH000389: Unsuccessful: alter table product_photos drop foreign key FKeurnts80qcflt0iv5lb68px7j
2017-01-10 21:41:29.171 ERROR 90097 --- [main] org.hibernate.tool.hbm2ddl.SchemaExport  : Table 'funtown.product_photos' doesn't exist
2017-01-10 21:41:29.174 ERROR 90097 --- [main] org.hibernate.tool.hbm2ddl.SchemaExport  : HHH000389: Unsuccessful: alter table product_price_detail drop foreign key FK125699iuybu9j954r7mcas175
2017-01-10 21:41:29.175 ERROR 90097 --- [main] org.hibernate.tool.hbm2ddl.SchemaExport  : Table 'funtown.product_price_detail' doesn't exist
2017-01-10 21:41:29.176 ERROR 90097 --- [main] org.hibernate.tool.hbm2ddl.SchemaExport  : HHH000389: Unsuccessful: alter table product_shipping_cost drop foreign key FKfx6elkgmtg8r9keg1uue91o9g
2017-01-10 21:41:29.176 ERROR 90097 --- [main] org.hibernate.tool.hbm2ddl.SchemaExport  : Table 'funtown.product_shipping_cost' doesn't exist
2017-01-10 21:41:29.177 ERROR 90097 --- [main] org.hibernate.tool.hbm2ddl.SchemaExport  : HHH000389: Unsuccessful: alter table product_shipping_cost drop foreign key FKsvcc1qgtmw8htofmgclbl4jbc
2017-01-10 21:41:29.177 ERROR 90097 --- [main] org.hibernate.tool.hbm2ddl.SchemaExport  : Table 'funtown.product_shipping_cost' doesn't exist
2017-01-10 21:41:30.066  INFO 90097 --- [main] org.hibernate.tool.hbm2ddl.SchemaExport  : HHH000230: Schema export complete
2017-01-10 21:41:30.243  INFO 90097 --- [main] j.LocalContainerEntityManagerFactoryBean : Initialized JPA EntityManagerFactory for persistence unit 'default'
2017-01-10 21:41:30.338  INFO 90097 --- [main] o.s.jdbc.datasource.init.ScriptUtils     : Executing SQL script from class path resource [db/data.sql]
2017-01-10 21:41:30.866  INFO 90097 --- [main] o.s.jdbc.datasource.init.ScriptUtils     : Executed SQL script from class path resource [db/data.sql] in 528 ms.
2017-01-10 21:41:31.617  INFO 90097 --- [main] o.h.h.i.QueryTranslatorFactoryInitiator  : HHH000397: Using ASTQueryTranslatorFactory
2017-01-10 21:41:32.713  INFO 90097 --- [main] s.w.s.m.m.a.RequestMappingHandlerAdapter : Looking for @ControllerAdvice: org.springframework.boot.context.embedded.AnnotationConfigEmbeddedWebApplicationContext@3023df74: startup date [Tue Jan 10 21:41:18 NZDT 2017]; root of context hierarchy
2017-01-10 21:41:32.917  INFO 90097 --- [main] s.w.s.m.m.a.RequestMappingHandlerMapping : Mapped "{[/rest/api]}" onto public java.lang.String nz.co.funtown.rest.FuntownRestApplication.welcome()
2017-01-10 21:41:32.921  INFO 90097 --- [main] s.w.s.m.m.a.RequestMappingHandlerMapping : Mapped "{[/rest/api/attributes || /rest/api/attributes/{name}],methods=[GET]}" onto java.util.Collection<nz.co.funtown.jpa.domain.MasterAttribute> nz.co.funtown.rest.controller.MasterAttributeController.getAttributes(java.util.Optional<java.lang.String>)
2017-01-10 21:41:32.923  INFO 90097 --- [main] s.w.s.m.m.a.RequestMappingHandlerMapping : Mapped "{[/rest/api/catalogues/search/{categoryName}]}" onto public java.util.Collection<nz.co.funtown.jpa.domain.projection.CatalogSearchResult> nz.co.funtown.rest.controller.product.CatalogController.searchCatalog(java.lang.String,java.lang.String)
2017-01-10 21:41:32.924  INFO 90097 --- [main] s.w.s.m.m.a.RequestMappingHandlerMapping : Mapped "{[/rest/api/catalogues/{catalogId}]}" onto public nz.co.funtown.jpa.domain.Catalog nz.co.funtown.rest.controller.product.CatalogController.getCatalogDetails(long)
2017-01-10 21:41:32.925  INFO 90097 --- [main] s.w.s.m.m.a.RequestMappingHandlerMapping : Mapped "{[/rest/api/categories || /rest/api/categories/{parentId}],methods=[GET]}" onto java.util.Collection<nz.co.funtown.jpa.entity.CategoryWithChildCount> nz.co.funtown.rest.controller.product.CategoryController.getCategories(java.util.Optional<java.lang.Long>)
2017-01-10 21:41:32.930  INFO 90097 --- [main] s.w.s.m.m.a.RequestMappingHandlerMapping : Mapped "{[/rest/api/products/{productId}],methods=[GET]}" onto public nz.co.funtown.jpa.domain.Product nz.co.funtown.rest.controller.product.ProductController.getProductDetails(java.lang.Long)
2017-01-10 21:41:32.932  INFO 90097 --- [main] s.w.s.m.m.a.RequestMappingHandlerMapping : Mapped "{[/rest/api/selling/products/count],methods=[GET]}" onto public java.util.Collection<nz.co.funtown.jpa.entity.ProductCount> nz.co.funtown.rest.controller.product.selling.ListingController.listProductCount()
2017-01-10 21:41:32.932  INFO 90097 --- [main] s.w.s.m.m.a.RequestMappingHandlerMapping : Mapped "{[/rest/api/selling/products],methods=[GET]}" onto public java.util.Collection<nz.co.funtown.jpa.entity.ProductList> nz.co.funtown.rest.controller.product.selling.ListingController.listProductByStatus(nz.co.funtown.jpa.enums.ProductStatues)
2017-01-10 21:41:32.943  INFO 90097 --- [main] s.w.s.m.m.a.RequestMappingHandlerMapping : Mapped "{[/rest/api/selling/products],methods=[POST],consumes=[multipart/form-data],produces=[application/json]}" onto public java.lang.Long nz.co.funtown.rest.controller.product.selling.SellingController.createProduct(nz.co.funtown.jpa.domain.Product,java.util.Optional<java.util.List<org.springframework.web.multipart.MultipartFile>>)
2017-01-10 21:41:32.944  INFO 90097 --- [main] s.w.s.m.m.a.RequestMappingHandlerMapping : Mapped "{[/rest/api/selling/products/{productId}],methods=[DELETE]}" onto public java.util.Collection<nz.co.funtown.jpa.entity.ProductCount> nz.co.funtown.rest.controller.product.selling.SellingController.deleteProduct(java.lang.Long)
2017-01-10 21:41:32.945  INFO 90097 --- [main] s.w.s.m.m.a.RequestMappingHandlerMapping : Mapped "{[/rest/api/selling/products/update],methods=[PUT],consumes=[application/json]}" onto public java.util.Collection<nz.co.funtown.jpa.entity.ProductCount> nz.co.funtown.rest.controller.product.selling.SellingController.updateProductStatus(java.util.List<nz.co.funtown.jpa.domain.Product>,nz.co.funtown.jpa.enums.ProductStatues)
2017-01-10 21:41:32.948  INFO 90097 --- [main] s.w.s.m.m.a.RequestMappingHandlerMapping : Mapped "{[/rest/api/selling/templates],methods=[GET]}" onto public java.util.Collection<nz.co.funtown.jpa.domain.ShippingTemplate> nz.co.funtown.rest.controller.product.selling.ShippingTemplateController.listTemplates()
2017-01-10 21:41:32.948  INFO 90097 --- [main] s.w.s.m.m.a.RequestMappingHandlerMapping : Mapped "{[/rest/api/selling/templates],methods=[POST]}" onto public nz.co.funtown.jpa.domain.ShippingTemplate nz.co.funtown.rest.controller.product.selling.ShippingTemplateController.addTemplate(nz.co.funtown.jpa.domain.ShippingTemplate)
2017-01-10 21:41:32.949  INFO 90097 --- [main] s.w.s.m.m.a.RequestMappingHandlerMapping : Mapped "{[/rest/api/selling/templates],methods=[PUT]}" onto public nz.co.funtown.jpa.domain.ShippingTemplate nz.co.funtown.rest.controller.product.selling.ShippingTemplateController.editTemplate(nz.co.funtown.jpa.domain.ShippingTemplate)
2017-01-10 21:41:32.949  INFO 90097 --- [main] s.w.s.m.m.a.RequestMappingHandlerMapping : Mapped "{[/rest/api/selling/templates/{templateId}],methods=[DELETE]}" onto public void nz.co.funtown.rest.controller.product.selling.ShippingTemplateController.deleteTemplate(java.lang.Long)
2017-01-10 21:41:32.951  INFO 90097 --- [main] s.w.s.m.m.a.RequestMappingHandlerMapping : Mapped "{[/error]}" onto public org.springframework.http.ResponseEntity<java.util.Map<java.lang.String, java.lang.Object>> org.springframework.boot.autoconfigure.web.BasicErrorController.error(javax.servlet.http.HttpServletRequest)
2017-01-10 21:41:32.952  INFO 90097 --- [main] s.w.s.m.m.a.RequestMappingHandlerMapping : Mapped "{[/error],produces=[text/html]}" onto public org.springframework.web.servlet.ModelAndView org.springframework.boot.autoconfigure.web.BasicErrorController.errorHtml(javax.servlet.http.HttpServletRequest,javax.servlet.http.HttpServletResponse)
2017-01-10 21:41:32.998  INFO 90097 --- [main] o.s.w.s.handler.SimpleUrlHandlerMapping  : Mapped URL path [/webjars/**] onto handler of type [class org.springframework.web.servlet.resource.ResourceHttpRequestHandler]
2017-01-10 21:41:32.998  INFO 90097 --- [main] o.s.w.s.handler.SimpleUrlHandlerMapping  : Mapped URL path [/**] onto handler of type [class org.springframework.web.servlet.resource.ResourceHttpRequestHandler]
2017-01-10 21:41:33.074  INFO 90097 --- [main] o.s.w.s.handler.SimpleUrlHandlerMapping  : Mapped URL path [/**/favicon.ico] onto handler of type [class org.springframework.web.servlet.resource.ResourceHttpRequestHandler]
2017-01-10 21:41:33.998  INFO 90097 --- [main] o.s.s.web.DefaultSecurityFilterChain     : Creating filter chain: Ant [pattern='/css/**'], []
2017-01-10 21:41:33.999  INFO 90097 --- [main] o.s.s.web.DefaultSecurityFilterChain     : Creating filter chain: Ant [pattern='/js/**'], []
2017-01-10 21:41:33.999  INFO 90097 --- [main] o.s.s.web.DefaultSecurityFilterChain     : Creating filter chain: Ant [pattern='/images/**'], []
2017-01-10 21:41:33.999  INFO 90097 --- [main] o.s.s.web.DefaultSecurityFilterChain     : Creating filter chain: Ant [pattern='/webjars/**'], []
2017-01-10 21:41:33.999  INFO 90097 --- [main] o.s.s.web.DefaultSecurityFilterChain     : Creating filter chain: Ant [pattern='/**/favicon.ico'], []
2017-01-10 21:41:33.999  INFO 90097 --- [main] o.s.s.web.DefaultSecurityFilterChain     : Creating filter chain: Ant [pattern='/error'], []
2017-01-10 21:41:34.213  INFO 90097 --- [main] o.s.s.web.DefaultSecurityFilterChain     : Creating filter chain: Ant [pattern='/h2-console/**'], [org.springframework.security.web.context.request.async.WebAsyncManagerIntegrationFilter@5310e451, org.springframework.security.web.context.SecurityContextPersistenceFilter@5b5b53c6, org.springframework.security.web.header.HeaderWriterFilter@50f3ba6a, org.springframework.security.web.authentication.logout.LogoutFilter@2efcc0b3, org.springframework.security.web.authentication.www.BasicAuthenticationFilter@69c33ea2, org.springframework.security.web.savedrequest.RequestCacheAwareFilter@3350ab4, org.springframework.security.web.servletapi.SecurityContextHolderAwareRequestFilter@5315266, org.springframework.security.web.authentication.AnonymousAuthenticationFilter@52d63b7e, org.springframework.security.web.session.SessionManagementFilter@160c7c42, org.springframework.security.web.access.ExceptionTranslationFilter@1a0ffb9b, org.springframework.security.web.access.intercept.FilterSecurityInterceptor@16fc5622]
2017-01-10 21:41:34.223  INFO 90097 --- [main] o.s.s.web.DefaultSecurityFilterChain     : Creating filter chain: OrRequestMatcher [requestMatchers=[Ant [pattern='/**']]], [org.springframework.security.web.context.request.async.WebAsyncManagerIntegrationFilter@38e46765, org.springframework.security.web.context.SecurityContextPersistenceFilter@738a39cc, org.springframework.security.web.header.HeaderWriterFilter@78e043e4, org.springframework.security.web.authentication.logout.LogoutFilter@62158991, org.springframework.security.web.authentication.www.BasicAuthenticationFilter@40738846, org.springframework.security.web.savedrequest.RequestCacheAwareFilter@42e202d7, org.springframework.security.web.servletapi.SecurityContextHolderAwareRequestFilter@38e7860c, org.springframework.security.web.authentication.AnonymousAuthenticationFilter@192f5f39, org.springframework.security.web.session.SessionManagementFilter@336d28a1, org.springframework.security.web.access.ExceptionTranslationFilter@5f3ddc86, org.springframework.security.web.access.intercept.FilterSecurityInterceptor@4fc3529]
2017-01-10 21:41:34.495  INFO 90097 --- [main] o.s.j.e.a.AnnotationMBeanExporter        : Registering beans for JMX exposure on startup
2017-01-10 21:41:34.693  INFO 90097 --- [main] s.b.c.e.t.TomcatEmbeddedServletContainer : Tomcat started on port(s): 8080 (http)
2017-01-10 21:41:34.702  INFO 90097 --- [main] n.c.funtown.rest.FuntownRestApplication  : Started FuntownRestApplication in 18.407 seconds (JVM running for 21.658)
2017-01-10 21:41:49.197  INFO 90097 --- [http-nio-127.0.0.1-8080-exec-1] o.a.c.c.C.[Tomcat].[localhost].[/]       : Initializing Spring FrameworkServlet 'dispatcherServlet'
2017-01-10 21:41:49.200  INFO 90097 --- [http-nio-127.0.0.1-8080-exec-1] o.s.web.servlet.DispatcherServlet        : FrameworkServlet 'dispatcherServlet': initialization started
2017-01-10 21:41:49.255  INFO 90097 --- [http-nio-127.0.0.1-8080-exec-1] o.s.web.servlet.DispatcherServlet        : FrameworkServlet 'dispatcherServlet': initialization completed in 54 ms
2017-01-10 21:42:04.616  INFO 90097 --- [RMI TCP Connection(2)-192.168.1.85] inMXBeanRegistrar$SpringApplicationAdmin : Application shutdown requested.
2017-01-10 21:42:04.618  INFO 90097 --- [RMI TCP Connection(2)-192.168.1.85] ationConfigEmbeddedWebApplicationContext : Closing org.springframework.boot.context.embedded.AnnotationConfigEmbeddedWebApplicationContext@3023df74: startup date [Tue Jan 10 21:41:18 NZDT 2017]; root of context hierarchy
2017-01-10 21:42:04.626  INFO 90097 --- [RMI TCP Connection(2)-192.168.1.85] o.s.j.e.a.AnnotationMBeanExporter        : Unregistering JMX-exposed beans on shutdown
2017-01-10 21:42:04.631  INFO 90097 --- [RMI TCP Connection(2)-192.168.1.85] j.LocalContainerEntityManagerFactoryBean : Closing JPA EntityManagerFactory for persistence unit 'default'
2017-01-10 21:42:04.636  INFO 90097 --- [RMI TCP Connection(2)-192.168.1.85] org.hibernate.tool.hbm2ddl.SchemaExport  : HHH000227: Running hbm2ddl schema export
2017-01-10 21:42:05.016  INFO 90097 --- [RMI TCP Connection(2)-192.168.1.85] org.hibernate.tool.hbm2ddl.SchemaExport  : HHH000230: Schema export complete
